Build started 11/7/2018 2:00:46 PM.
     1>Project "C:\MaggieBorn\MaggieExperiment\2nd Exp\HEVC\HM-16.18\build\vc2010\TLibCommon_vc2010.vcxproj" on node 3 (Build target(s)).
     1>ClCompile:
         C:\MaggieBorn\MaggieDownApp\Microsoft Visual Studio 11.0\VC\bin\CL.exe /c /I"C:\MaggieBorn\MaggieExperiment\2nd Exp\HEVC\HM-16.18\build\\..\source\Lib\\" /ZI /nologo /W3 /WX- /Od /Oy- /D WIN32 /D _DEBUG /D _LIB /D _CRT_SECURE_NO_WARNINGS /D _MBCS /Gm /EHsc /RTC1 /MTd /GS /fp:precise /Zc:wchar_t /Zc:forScope /Fo"C:\MaggieBorn\MaggieExperiment\2nd Exp\HEVC\HM-16.18\build\\vc2010\Win32\Debug\TLibCommon\\" /Fd"C:\MaggieBorn\MaggieExperiment\2nd Exp\HEVC\HM-16.18\build\\vc2010\Win32\Debug\TLibCommon\vc110.pdb" /Gd /TC /analyze- /errorReport:prompt ..\..\source\Lib\libmd5\libmd5.c
         libmd5.c
         C:\MaggieBorn\MaggieDownApp\Microsoft Visual Studio 11.0\VC\bin\CL.exe /c /I"C:\MaggieBorn\MaggieExperiment\2nd Exp\HEVC\HM-16.18\build\\..\source\Lib\\" /ZI /nologo /W3 /WX- /Od /Oy- /D WIN32 /D _DEBUG /D _LIB /D _CRT_SECURE_NO_WARNINGS /D _MBCS /Gm /EHsc /RTC1 /MTd /GS /fp:precise /Zc:wchar_t /Zc:forScope /Fo"C:\MaggieBorn\MaggieExperiment\2nd Exp\HEVC\HM-16.18\build\\vc2010\Win32\Debug\TLibCommon\\" /Fd"C:\MaggieBorn\MaggieExperiment\2nd Exp\HEVC\HM-16.18\build\\vc2010\Win32\Debug\TLibCommon\vc110.pdb" /Gd /TP /analyze- /errorReport:prompt ..\..\source\Lib\TLibCommon\ContextModel.cpp ..\..\source\Lib\TLibCommon\ContextModel3DBuffer.cpp ..\..\source\Lib\TLibCommon\Debug.cpp ..\..\source\Lib\TLibCommon\SEI.cpp ..\..\source\Lib\TLibCommon\TComBitStream.cpp ..\..\source\Lib\TLibCommon\TComCABACTables.cpp ..\..\source\Lib\TLibCommon\TComChromaFormat.cpp ..\..\source\Lib\TLibCommon\TComDataCU.cpp ..\..\source\Lib\TLibCommon\TComInterpolationFilter.cpp ..\..\source\Lib\TLibCommon\TComLoopFilter.cpp ..\..\source\Lib\TLibCommon\TComMotionInfo.cpp ..\..\source\Lib\TLibCommon\TComPattern.cpp ..\..\source\Lib\TLibCommon\TComPic.cpp ..\..\source\Lib\TLibCommon\TComPicSym.cpp ..\..\source\Lib\TLibCommon\TComPicYuv.cpp ..\..\source\Lib\TLibCommon\TComPicYuvMD5.cpp ..\..\source\Lib\TLibCommon\TComPrediction.cpp ..\..\source\Lib\TLibCommon\TComRdCost.cpp ..\..\source\Lib\TLibCommon\TComRdCostWeightPrediction.cpp ..\..\source\Lib\TLibCommon\TComRom.cpp ..\..\source\Lib\TLibCommon\TComSampleAdaptiveOffset.cpp ..\..\source\Lib\TLibCommon\TComSlice.cpp ..\..\source\Lib\TLibCommon\TComTrQuant.cpp ..\..\source\Lib\TLibCommon\TComTU.cpp ..\..\source\Lib\TLibCommon\TComWeightPrediction.cpp ..\..\source\Lib\TLibCommon\TComYuv.cpp
         TComYuv.cpp
         TComWeightPrediction.cpp
         TComTU.cpp
         TComTrQuant.cpp
         TComSlice.cpp
         TComSampleAdaptiveOffset.cpp
         TComRom.cpp
         TComRdCostWeightPrediction.cpp
         TComRdCost.cpp
         TComPrediction.cpp
         TComPicYuvMD5.cpp
         TComPicYuv.cpp
         TComPicSym.cpp
         TComPic.cpp
         TComPattern.cpp
         TComMotionInfo.cpp
         TComLoopFilter.cpp
         TComInterpolationFilter.cpp
         TComDataCU.cpp
         TComChromaFormat.cpp
         正在生成代码...
         正在编译...
         TComCABACTables.cpp
         TComBitStream.cpp
         SEI.cpp
         Debug.cpp
         ContextModel3DBuffer.cpp
         ContextModel.cpp
         正在生成代码...
       Lib:
         C:\MaggieBorn\MaggieDownApp\Microsoft Visual Studio 11.0\VC\bin\Lib.exe /OUT:"C:\MaggieBorn\MaggieExperiment\2nd Exp\HEVC\HM-16.18\build\\vc2010\Win32\Debug\TLibCommon\TLibCommon.lib" /NOLOGO "C:\MaggieBorn\MaggieExperiment\2nd Exp\HEVC\HM-16.18\build\\vc2010\Win32\Debug\TLibCommon\libmd5.obj"
         "C:\MaggieBorn\MaggieExperiment\2nd Exp\HEVC\HM-16.18\build\\vc2010\Win32\Debug\TLibCommon\ContextModel.obj"
         "C:\MaggieBorn\MaggieExperiment\2nd Exp\HEVC\HM-16.18\build\\vc2010\Win32\Debug\TLibCommon\ContextModel3DBuffer.obj"
         "C:\MaggieBorn\MaggieExperiment\2nd Exp\HEVC\HM-16.18\build\\vc2010\Win32\Debug\TLibCommon\Debug.obj"
         "C:\MaggieBorn\MaggieExperiment\2nd Exp\HEVC\HM-16.18\build\\vc2010\Win32\Debug\TLibCommon\SEI.obj"
         "C:\MaggieBorn\MaggieExperiment\2nd Exp\HEVC\HM-16.18\build\\vc2010\Win32\Debug\TLibCommon\TComBitStream.obj"
         "C:\MaggieBorn\MaggieExperiment\2nd Exp\HEVC\HM-16.18\build\\vc2010\Win32\Debug\TLibCommon\TComCABACTables.obj"
         "C:\MaggieBorn\MaggieExperiment\2nd Exp\HEVC\HM-16.18\build\\vc2010\Win32\Debug\TLibCommon\TComChromaFormat.obj"
         "C:\MaggieBorn\MaggieExperiment\2nd Exp\HEVC\HM-16.18\build\\vc2010\Win32\Debug\TLibCommon\TComDataCU.obj"
         "C:\MaggieBorn\MaggieExperiment\2nd Exp\HEVC\HM-16.18\build\\vc2010\Win32\Debug\TLibCommon\TComInterpolationFilter.obj"
         "C:\MaggieBorn\MaggieExperiment\2nd Exp\HEVC\HM-16.18\build\\vc2010\Win32\Debug\TLibCommon\TComLoopFilter.obj"
         "C:\MaggieBorn\MaggieExperiment\2nd Exp\HEVC\HM-16.18\build\\vc2010\Win32\Debug\TLibCommon\TComMotionInfo.obj"
         "C:\MaggieBorn\MaggieExperiment\2nd Exp\HEVC\HM-16.18\build\\vc2010\Win32\Debug\TLibCommon\TComPattern.obj"
         "C:\MaggieBorn\MaggieExperiment\2nd Exp\HEVC\HM-16.18\build\\vc2010\Win32\Debug\TLibCommon\TComPic.obj"
         "C:\MaggieBorn\MaggieExperiment\2nd Exp\HEVC\HM-16.18\build\\vc2010\Win32\Debug\TLibCommon\TComPicSym.obj"
         "C:\MaggieBorn\MaggieExperiment\2nd Exp\HEVC\HM-16.18\build\\vc2010\Win32\Debug\TLibCommon\TComPicYuv.obj"
         "C:\MaggieBorn\MaggieExperiment\2nd Exp\HEVC\HM-16.18\build\\vc2010\Win32\Debug\TLibCommon\TComPicYuvMD5.obj"
         "C:\MaggieBorn\MaggieExperiment\2nd Exp\HEVC\HM-16.18\build\\vc2010\Win32\Debug\TLibCommon\TComPrediction.obj"
         "C:\MaggieBorn\MaggieExperiment\2nd Exp\HEVC\HM-16.18\build\\vc2010\Win32\Debug\TLibCommon\TComRdCost.obj"
         "C:\MaggieBorn\MaggieExperiment\2nd Exp\HEVC\HM-16.18\build\\vc2010\Win32\Debug\TLibCommon\TComRdCostWeightPrediction.obj"
         "C:\MaggieBorn\MaggieExperiment\2nd Exp\HEVC\HM-16.18\build\\vc2010\Win32\Debug\TLibCommon\TComRom.obj"
         "C:\MaggieBorn\MaggieExperiment\2nd Exp\HEVC\HM-16.18\build\\vc2010\Win32\Debug\TLibCommon\TComSampleAdaptiveOffset.obj"
         "C:\MaggieBorn\MaggieExperiment\2nd Exp\HEVC\HM-16.18\build\\vc2010\Win32\Debug\TLibCommon\TComSlice.obj"
         "C:\MaggieBorn\MaggieExperiment\2nd Exp\HEVC\HM-16.18\build\\vc2010\Win32\Debug\TLibCommon\TComTrQuant.obj"
         "C:\MaggieBorn\MaggieExperiment\2nd Exp\HEVC\HM-16.18\build\\vc2010\Win32\Debug\TLibCommon\TComTU.obj"
         "C:\MaggieBorn\MaggieExperiment\2nd Exp\HEVC\HM-16.18\build\\vc2010\Win32\Debug\TLibCommon\TComWeightPrediction.obj"
         "C:\MaggieBorn\MaggieExperiment\2nd Exp\HEVC\HM-16.18\build\\vc2010\Win32\Debug\TLibCommon\TComYuv.obj"
         TLibCommon_vc2010.vcxproj -> C:\MaggieBorn\MaggieExperiment\2nd Exp\HEVC\HM-16.18\build\\vc2010\Win32\Debug\TLibCommon\TLibCommon.lib
     1>Done Building Project "C:\MaggieBorn\MaggieExperiment\2nd Exp\HEVC\HM-16.18\build\vc2010\TLibCommon_vc2010.vcxproj" (Build target(s)).

Build succeeded.

Time Elapsed 00:00:36.83
