E:\HEVC\HM-16.18\BUILD\VC2012\WIN32\DEBUG\TLIBENCODER\NALWRITE.OBJ
E:\HEVC\HM-16.18\BUILD\VC2012\WIN32\DEBUG\TLIBENCODER\SEIENCODER.OBJ
E:\HEVC\HM-16.18\BUILD\VC2012\WIN32\DEBUG\TLIBENCODER\SEIWRITE.OBJ
E:\HEVC\HM-16.18\BUILD\VC2012\WIN32\DEBUG\TLIBENCODER\SYNTAXELEMENTWRITER.OBJ
E:\HEVC\HM-16.18\BUILD\VC2012\WIN32\DEBUG\TLIBENCODER\TENCBINCODERCABAC.OBJ
E:\HEVC\HM-16.18\BUILD\VC2012\WIN32\DEBUG\TLIBENCODER\TENCBINCODERCABACCOUNTER.OBJ
E:\HEVC\HM-16.18\BUILD\VC2012\WIN32\DEBUG\TLIBENCODER\TENCCAVLC.OBJ
E:\HEVC\HM-16.18\BUILD\VC2012\WIN32\DEBUG\TLIBENCODER\TENCCU.OBJ
E:\HEVC\HM-16.18\BUILD\VC2012\WIN32\DEBUG\TLIBENCODER\TENCENTROPY.OBJ
E:\HEVC\HM-16.18\BUILD\VC2012\WIN32\DEBUG\TLIBENCODER\TENCGOP.OBJ
E:\HEVC\HM-16.18\BUILD\VC2012\WIN32\DEBUG\TLIBENCODER\TENCPIC.OBJ
E:\HEVC\HM-16.18\BUILD\VC2012\WIN32\DEBUG\TLIBENCODER\TENCPREANALYZER.OBJ
E:\HEVC\HM-16.18\BUILD\VC2012\WIN32\DEBUG\TLIBENCODER\TENCRATECTRL.OBJ
E:\HEVC\HM-16.18\BUILD\VC2012\WIN32\DEBUG\TLIBENCODER\TENCSAMPLEADAPTIVEOFFSET.OBJ
E:\HEVC\HM-16.18\BUILD\VC2012\WIN32\DEBUG\TLIBENCODER\TENCSBAC.OBJ
E:\HEVC\HM-16.18\BUILD\VC2012\WIN32\DEBUG\TLIBENCODER\TENCSEARCH.OBJ
E:\HEVC\HM-16.18\BUILD\VC2012\WIN32\DEBUG\TLIBENCODER\TENCSLICE.OBJ
E:\HEVC\HM-16.18\BUILD\VC2012\WIN32\DEBUG\TLIBENCODER\TENCTOP.OBJ
E:\HEVC\HM-16.18\BUILD\VC2012\WIN32\DEBUG\TLIBENCODER\WEIGHTPREDANALYSIS.OBJ
E:\HEVC\HM-16.18\BUILD\VC2012\WIN32\DEBUG\TLIBENCODER\VC110.PDB
E:\HEVC\HM-16.18\BUILD\VC2012\WIN32\DEBUG\TLIBENCODER\TLIBENCODER.LIB
E:\HEVC\HM-16.18\build\vc2012\Win32\Debug\TLibEncoder\NALwrite.obj
E:\HEVC\HM-16.18\build\vc2012\Win32\Debug\TLibEncoder\SEIEncoder.obj
E:\HEVC\HM-16.18\build\vc2012\Win32\Debug\TLibEncoder\SEIwrite.obj
E:\HEVC\HM-16.18\build\vc2012\Win32\Debug\TLibEncoder\SyntaxElementWriter.obj
E:\HEVC\HM-16.18\build\vc2012\Win32\Debug\TLibEncoder\TEncBinCoderCABAC.obj
E:\HEVC\HM-16.18\build\vc2012\Win32\Debug\TLibEncoder\TEncBinCoderCABACCounter.obj
E:\HEVC\HM-16.18\build\vc2012\Win32\Debug\TLibEncoder\TEncCavlc.obj
E:\HEVC\HM-16.18\build\vc2012\Win32\Debug\TLibEncoder\TEncCu.obj
E:\HEVC\HM-16.18\build\vc2012\Win32\Debug\TLibEncoder\TEncEntropy.obj
E:\HEVC\HM-16.18\build\vc2012\Win32\Debug\TLibEncoder\TEncGOP.obj
E:\HEVC\HM-16.18\build\vc2012\Win32\Debug\TLibEncoder\TEncPic.obj
E:\HEVC\HM-16.18\build\vc2012\Win32\Debug\TLibEncoder\TEncPreanalyzer.obj
E:\HEVC\HM-16.18\build\vc2012\Win32\Debug\TLibEncoder\TEncRateCtrl.obj
E:\HEVC\HM-16.18\build\vc2012\Win32\Debug\TLibEncoder\TEncSampleAdaptiveOffset.obj
E:\HEVC\HM-16.18\build\vc2012\Win32\Debug\TLibEncoder\TEncSbac.obj
E:\HEVC\HM-16.18\build\vc2012\Win32\Debug\TLibEncoder\TEncSearch.obj
E:\HEVC\HM-16.18\build\vc2012\Win32\Debug\TLibEncoder\TEncSlice.obj
E:\HEVC\HM-16.18\build\vc2012\Win32\Debug\TLibEncoder\TEncTop.obj
E:\HEVC\HM-16.18\build\vc2012\Win32\Debug\TLibEncoder\WeightPredAnalysis.obj
E:\HEVC\HM-16.18\build\vc2012\Win32\Debug\TLibEncoder\cl.command.1.tlog
E:\HEVC\HM-16.18\build\vc2012\Win32\Debug\TLibEncoder\CL.read.1.tlog
E:\HEVC\HM-16.18\build\vc2012\Win32\Debug\TLibEncoder\CL.write.1.tlog
E:\HEVC\HM-16.18\build\vc2012\Win32\Debug\TLibEncoder\Lib-link.read.1.tlog
E:\HEVC\HM-16.18\build\vc2012\Win32\Debug\TLibEncoder\Lib-link.write.1.tlog
E:\HEVC\HM-16.18\build\vc2012\Win32\Debug\TLibEncoder\lib.command.1.tlog
E:\HEVC\HM-16.18\build\vc2012\Win32\Debug\TLibEncoder\vc110.idb
E:\HEVC\HM-16.18\build\vc2012\Win32\Debug\TLibEncoder\vc110.pdb
E:\HEVC\HM-16.18\build\\vc2012\Win32\Debug\TLibEncoder\TLibEncoder.lib
