E:\HEVC\HM-16.18\BUILD\VC2012\WIN32\DEBUG\TLIBCOMMON\LIBMD5.OBJ
E:\HEVC\HM-16.18\BUILD\VC2012\WIN32\DEBUG\TLIBCOMMON\VC110.PDB
E:\HEVC\HM-16.18\BUILD\VC2012\WIN32\DEBUG\TLIBCOMMON\TCOMCHROMAFORMAT.OBJ
E:\HEVC\HM-16.18\BUILD\VC2012\WIN32\DEBUG\TLIBCOMMON\TCOMDATACU.OBJ
E:\HEVC\HM-16.18\BUILD\VC2012\WIN32\DEBUG\TLIBCOMMON\TCOMINTERPOLATIONFILTER.OBJ
E:\HEVC\HM-16.18\BUILD\VC2012\WIN32\DEBUG\TLIBCOMMON\TCOMLOOPFILTER.OBJ
E:\HEVC\HM-16.18\BUILD\VC2012\WIN32\DEBUG\TLIBCOMMON\TCOMMOTIONINFO.OBJ
E:\HEVC\HM-16.18\BUILD\VC2012\WIN32\DEBUG\TLIBCOMMON\TCOMPATTERN.OBJ
E:\HEVC\HM-16.18\BUILD\VC2012\WIN32\DEBUG\TLIBCOMMON\TCOMPIC.OBJ
E:\HEVC\HM-16.18\BUILD\VC2012\WIN32\DEBUG\TLIBCOMMON\TCOMPICSYM.OBJ
E:\HEVC\HM-16.18\BUILD\VC2012\WIN32\DEBUG\TLIBCOMMON\TCOMPICYUV.OBJ
E:\HEVC\HM-16.18\BUILD\VC2012\WIN32\DEBUG\TLIBCOMMON\TCOMPICYUVMD5.OBJ
E:\HEVC\HM-16.18\BUILD\VC2012\WIN32\DEBUG\TLIBCOMMON\TCOMPREDICTION.OBJ
E:\HEVC\HM-16.18\BUILD\VC2012\WIN32\DEBUG\TLIBCOMMON\TCOMRDCOST.OBJ
E:\HEVC\HM-16.18\BUILD\VC2012\WIN32\DEBUG\TLIBCOMMON\TCOMRDCOSTWEIGHTPREDICTION.OBJ
E:\HEVC\HM-16.18\BUILD\VC2012\WIN32\DEBUG\TLIBCOMMON\TCOMROM.OBJ
E:\HEVC\HM-16.18\BUILD\VC2012\WIN32\DEBUG\TLIBCOMMON\TCOMSAMPLEADAPTIVEOFFSET.OBJ
E:\HEVC\HM-16.18\BUILD\VC2012\WIN32\DEBUG\TLIBCOMMON\TCOMSLICE.OBJ
E:\HEVC\HM-16.18\BUILD\VC2012\WIN32\DEBUG\TLIBCOMMON\TCOMTRQUANT.OBJ
E:\HEVC\HM-16.18\BUILD\VC2012\WIN32\DEBUG\TLIBCOMMON\TCOMTU.OBJ
E:\HEVC\HM-16.18\BUILD\VC2012\WIN32\DEBUG\TLIBCOMMON\TCOMWEIGHTPREDICTION.OBJ
E:\HEVC\HM-16.18\BUILD\VC2012\WIN32\DEBUG\TLIBCOMMON\TCOMYUV.OBJ
E:\HEVC\HM-16.18\BUILD\VC2012\WIN32\DEBUG\TLIBCOMMON\CONTEXTMODEL.OBJ
E:\HEVC\HM-16.18\BUILD\VC2012\WIN32\DEBUG\TLIBCOMMON\CONTEXTMODEL3DBUFFER.OBJ
E:\HEVC\HM-16.18\BUILD\VC2012\WIN32\DEBUG\TLIBCOMMON\DEBUG.OBJ
E:\HEVC\HM-16.18\BUILD\VC2012\WIN32\DEBUG\TLIBCOMMON\SEI.OBJ
E:\HEVC\HM-16.18\BUILD\VC2012\WIN32\DEBUG\TLIBCOMMON\TCOMBITSTREAM.OBJ
E:\HEVC\HM-16.18\BUILD\VC2012\WIN32\DEBUG\TLIBCOMMON\TCOMCABACTABLES.OBJ
E:\HEVC\HM-16.18\BUILD\VC2012\WIN32\DEBUG\TLIBCOMMON\TLIBCOMMON.LIB
E:\HEVC\HM-16.18\build\vc2012\Win32\Debug\TLibCommon\ContextModel.obj
E:\HEVC\HM-16.18\build\vc2012\Win32\Debug\TLibCommon\ContextModel3DBuffer.obj
E:\HEVC\HM-16.18\build\vc2012\Win32\Debug\TLibCommon\Debug.obj
E:\HEVC\HM-16.18\build\vc2012\Win32\Debug\TLibCommon\libmd5.obj
E:\HEVC\HM-16.18\build\vc2012\Win32\Debug\TLibCommon\SEI.obj
E:\HEVC\HM-16.18\build\vc2012\Win32\Debug\TLibCommon\TComBitStream.obj
E:\HEVC\HM-16.18\build\vc2012\Win32\Debug\TLibCommon\TComCABACTables.obj
E:\HEVC\HM-16.18\build\vc2012\Win32\Debug\TLibCommon\TComChromaFormat.obj
E:\HEVC\HM-16.18\build\vc2012\Win32\Debug\TLibCommon\TComDataCU.obj
E:\HEVC\HM-16.18\build\vc2012\Win32\Debug\TLibCommon\TComInterpolationFilter.obj
E:\HEVC\HM-16.18\build\vc2012\Win32\Debug\TLibCommon\TComLoopFilter.obj
E:\HEVC\HM-16.18\build\vc2012\Win32\Debug\TLibCommon\TComMotionInfo.obj
E:\HEVC\HM-16.18\build\vc2012\Win32\Debug\TLibCommon\TComPattern.obj
E:\HEVC\HM-16.18\build\vc2012\Win32\Debug\TLibCommon\TComPic.obj
E:\HEVC\HM-16.18\build\vc2012\Win32\Debug\TLibCommon\TComPicSym.obj
E:\HEVC\HM-16.18\build\vc2012\Win32\Debug\TLibCommon\TComPicYuv.obj
E:\HEVC\HM-16.18\build\vc2012\Win32\Debug\TLibCommon\TComPicYuvMD5.obj
E:\HEVC\HM-16.18\build\vc2012\Win32\Debug\TLibCommon\TComPrediction.obj
E:\HEVC\HM-16.18\build\vc2012\Win32\Debug\TLibCommon\TComRdCost.obj
E:\HEVC\HM-16.18\build\vc2012\Win32\Debug\TLibCommon\TComRdCostWeightPrediction.obj
E:\HEVC\HM-16.18\build\vc2012\Win32\Debug\TLibCommon\TComRom.obj
E:\HEVC\HM-16.18\build\vc2012\Win32\Debug\TLibCommon\TComSampleAdaptiveOffset.obj
E:\HEVC\HM-16.18\build\vc2012\Win32\Debug\TLibCommon\TComSlice.obj
E:\HEVC\HM-16.18\build\vc2012\Win32\Debug\TLibCommon\TComTrQuant.obj
E:\HEVC\HM-16.18\build\vc2012\Win32\Debug\TLibCommon\TComTU.obj
E:\HEVC\HM-16.18\build\vc2012\Win32\Debug\TLibCommon\TComWeightPrediction.obj
E:\HEVC\HM-16.18\build\vc2012\Win32\Debug\TLibCommon\TComYuv.obj
E:\HEVC\HM-16.18\build\vc2012\Win32\Debug\TLibCommon\cl.command.1.tlog
E:\HEVC\HM-16.18\build\vc2012\Win32\Debug\TLibCommon\CL.read.1.tlog
E:\HEVC\HM-16.18\build\vc2012\Win32\Debug\TLibCommon\CL.write.1.tlog
E:\HEVC\HM-16.18\build\vc2012\Win32\Debug\TLibCommon\Lib-link.read.1.tlog
E:\HEVC\HM-16.18\build\vc2012\Win32\Debug\TLibCommon\Lib-link.write.1.tlog
E:\HEVC\HM-16.18\build\vc2012\Win32\Debug\TLibCommon\lib.command.1.tlog
E:\HEVC\HM-16.18\build\vc2012\Win32\Debug\TLibCommon\vc110.idb
E:\HEVC\HM-16.18\build\vc2012\Win32\Debug\TLibCommon\vc110.pdb
E:\HEVC\HM-16.18\build\\vc2012\Win32\Debug\TLibCommon\TLibCommon.lib
