E:\HEVC\HM-16.18\BUILD\VC2012\WIN32\DEBUG\TAPPDECODER\DECMAIN.OBJ
E:\HEVC\HM-16.18\BUILD\VC2012\WIN32\DEBUG\TAPPDECODER\TAPPDECCFG.OBJ
E:\HEVC\HM-16.18\BUILD\VC2012\WIN32\DEBUG\TAPPDECODER\TAPPDECTOP.OBJ
E:\HEVC\HM-16.18\BUILD\VC2012\WIN32\DEBUG\TAPPDECODER\VC110.PDB
E:\HEVC\HM-16.18\BIN\VC2012\WIN32\DEBUG\TAPPDECODER.ILK
E:\HEVC\HM-16.18\BIN\VC2012\WIN32\DEBUG\TAPPDECODER.EXE
E:\HEVC\HM-16.18\BIN\VC2012\WIN32\DEBUG\TAPPDECODER.PDB
E:\HEVC\HM-16.18\build\vc2012\Win32\Debug\TAppDecoder\decmain.obj
E:\HEVC\HM-16.18\build\vc2012\Win32\Debug\TAppDecoder\TAppDecCfg.obj
E:\HEVC\HM-16.18\build\vc2012\Win32\Debug\TAppDecoder\TAppDecTop.obj
E:\HEVC\HM-16.18\build\vc2012\Win32\Debug\TAppDecoder\cl.command.1.tlog
E:\HEVC\HM-16.18\build\vc2012\Win32\Debug\TAppDecoder\CL.read.1.tlog
E:\HEVC\HM-16.18\build\vc2012\Win32\Debug\TAppDecoder\CL.write.1.tlog
E:\HEVC\HM-16.18\build\vc2012\Win32\Debug\TAppDecoder\link-cvtres.read.1.tlog
E:\HEVC\HM-16.18\build\vc2012\Win32\Debug\TAppDecoder\link-cvtres.write.1.tlog
E:\HEVC\HM-16.18\build\vc2012\Win32\Debug\TAppDecoder\link-rc.read.1.tlog
E:\HEVC\HM-16.18\build\vc2012\Win32\Debug\TAppDecoder\link-rc.write.1.tlog
E:\HEVC\HM-16.18\build\vc2012\Win32\Debug\TAppDecoder\link.10280-cvtres.read.1.tlog
E:\HEVC\HM-16.18\build\vc2012\Win32\Debug\TAppDecoder\link.10280-cvtres.write.1.tlog
E:\HEVC\HM-16.18\build\vc2012\Win32\Debug\TAppDecoder\link.10280-rc.read.1.tlog
E:\HEVC\HM-16.18\build\vc2012\Win32\Debug\TAppDecoder\link.10280-rc.write.1.tlog
E:\HEVC\HM-16.18\build\vc2012\Win32\Debug\TAppDecoder\link.10280.read.1.tlog
E:\HEVC\HM-16.18\build\vc2012\Win32\Debug\TAppDecoder\link.10280.write.1.tlog
E:\HEVC\HM-16.18\build\vc2012\Win32\Debug\TAppDecoder\link.10380-cvtres.read.1.tlog
E:\HEVC\HM-16.18\build\vc2012\Win32\Debug\TAppDecoder\link.10380-cvtres.write.1.tlog
E:\HEVC\HM-16.18\build\vc2012\Win32\Debug\TAppDecoder\link.10380-rc.read.1.tlog
E:\HEVC\HM-16.18\build\vc2012\Win32\Debug\TAppDecoder\link.10380-rc.write.1.tlog
E:\HEVC\HM-16.18\build\vc2012\Win32\Debug\TAppDecoder\link.10380.read.1.tlog
E:\HEVC\HM-16.18\build\vc2012\Win32\Debug\TAppDecoder\link.10380.write.1.tlog
E:\HEVC\HM-16.18\build\vc2012\Win32\Debug\TAppDecoder\link.11384-cvtres.read.1.tlog
E:\HEVC\HM-16.18\build\vc2012\Win32\Debug\TAppDecoder\link.11384-cvtres.write.1.tlog
E:\HEVC\HM-16.18\build\vc2012\Win32\Debug\TAppDecoder\link.11384-rc.read.1.tlog
E:\HEVC\HM-16.18\build\vc2012\Win32\Debug\TAppDecoder\link.11384-rc.write.1.tlog
E:\HEVC\HM-16.18\build\vc2012\Win32\Debug\TAppDecoder\link.11384.read.1.tlog
E:\HEVC\HM-16.18\build\vc2012\Win32\Debug\TAppDecoder\link.11384.write.1.tlog
E:\HEVC\HM-16.18\build\vc2012\Win32\Debug\TAppDecoder\link.11608-cvtres.read.1.tlog
E:\HEVC\HM-16.18\build\vc2012\Win32\Debug\TAppDecoder\link.11608-cvtres.write.1.tlog
E:\HEVC\HM-16.18\build\vc2012\Win32\Debug\TAppDecoder\link.11608-rc.read.1.tlog
E:\HEVC\HM-16.18\build\vc2012\Win32\Debug\TAppDecoder\link.11608-rc.write.1.tlog
E:\HEVC\HM-16.18\build\vc2012\Win32\Debug\TAppDecoder\link.11608.read.1.tlog
E:\HEVC\HM-16.18\build\vc2012\Win32\Debug\TAppDecoder\link.11608.write.1.tlog
E:\HEVC\HM-16.18\build\vc2012\Win32\Debug\TAppDecoder\link.11656-cvtres.read.1.tlog
E:\HEVC\HM-16.18\build\vc2012\Win32\Debug\TAppDecoder\link.11656-cvtres.write.1.tlog
E:\HEVC\HM-16.18\build\vc2012\Win32\Debug\TAppDecoder\link.11656-rc.read.1.tlog
E:\HEVC\HM-16.18\build\vc2012\Win32\Debug\TAppDecoder\link.11656-rc.write.1.tlog
E:\HEVC\HM-16.18\build\vc2012\Win32\Debug\TAppDecoder\link.11656.read.1.tlog
E:\HEVC\HM-16.18\build\vc2012\Win32\Debug\TAppDecoder\link.11656.write.1.tlog
E:\HEVC\HM-16.18\build\vc2012\Win32\Debug\TAppDecoder\link.15272-cvtres.read.1.tlog
E:\HEVC\HM-16.18\build\vc2012\Win32\Debug\TAppDecoder\link.15272-cvtres.write.1.tlog
E:\HEVC\HM-16.18\build\vc2012\Win32\Debug\TAppDecoder\link.15272-rc.read.1.tlog
E:\HEVC\HM-16.18\build\vc2012\Win32\Debug\TAppDecoder\link.15272-rc.write.1.tlog
E:\HEVC\HM-16.18\build\vc2012\Win32\Debug\TAppDecoder\link.15272.read.1.tlog
E:\HEVC\HM-16.18\build\vc2012\Win32\Debug\TAppDecoder\link.15272.write.1.tlog
E:\HEVC\HM-16.18\build\vc2012\Win32\Debug\TAppDecoder\link.15424-cvtres.read.1.tlog
E:\HEVC\HM-16.18\build\vc2012\Win32\Debug\TAppDecoder\link.15424-cvtres.write.1.tlog
E:\HEVC\HM-16.18\build\vc2012\Win32\Debug\TAppDecoder\link.15424-rc.read.1.tlog
E:\HEVC\HM-16.18\build\vc2012\Win32\Debug\TAppDecoder\link.15424-rc.write.1.tlog
E:\HEVC\HM-16.18\build\vc2012\Win32\Debug\TAppDecoder\link.15424.read.1.tlog
E:\HEVC\HM-16.18\build\vc2012\Win32\Debug\TAppDecoder\link.15424.write.1.tlog
E:\HEVC\HM-16.18\build\vc2012\Win32\Debug\TAppDecoder\link.16956-cvtres.read.1.tlog
E:\HEVC\HM-16.18\build\vc2012\Win32\Debug\TAppDecoder\link.16956-cvtres.write.1.tlog
E:\HEVC\HM-16.18\build\vc2012\Win32\Debug\TAppDecoder\link.16956-rc.read.1.tlog
E:\HEVC\HM-16.18\build\vc2012\Win32\Debug\TAppDecoder\link.16956-rc.write.1.tlog
E:\HEVC\HM-16.18\build\vc2012\Win32\Debug\TAppDecoder\link.16956.read.1.tlog
E:\HEVC\HM-16.18\build\vc2012\Win32\Debug\TAppDecoder\link.16956.write.1.tlog
E:\HEVC\HM-16.18\build\vc2012\Win32\Debug\TAppDecoder\link.17448-cvtres.read.1.tlog
E:\HEVC\HM-16.18\build\vc2012\Win32\Debug\TAppDecoder\link.17448-cvtres.write.1.tlog
E:\HEVC\HM-16.18\build\vc2012\Win32\Debug\TAppDecoder\link.17448-rc.read.1.tlog
E:\HEVC\HM-16.18\build\vc2012\Win32\Debug\TAppDecoder\link.17448-rc.write.1.tlog
E:\HEVC\HM-16.18\build\vc2012\Win32\Debug\TAppDecoder\link.17448.read.1.tlog
E:\HEVC\HM-16.18\build\vc2012\Win32\Debug\TAppDecoder\link.17448.write.1.tlog
E:\HEVC\HM-16.18\build\vc2012\Win32\Debug\TAppDecoder\link.18756-cvtres.read.1.tlog
E:\HEVC\HM-16.18\build\vc2012\Win32\Debug\TAppDecoder\link.18756-cvtres.write.1.tlog
E:\HEVC\HM-16.18\build\vc2012\Win32\Debug\TAppDecoder\link.18756-rc.read.1.tlog
E:\HEVC\HM-16.18\build\vc2012\Win32\Debug\TAppDecoder\link.18756-rc.write.1.tlog
E:\HEVC\HM-16.18\build\vc2012\Win32\Debug\TAppDecoder\link.18756.read.1.tlog
E:\HEVC\HM-16.18\build\vc2012\Win32\Debug\TAppDecoder\link.18756.write.1.tlog
E:\HEVC\HM-16.18\build\vc2012\Win32\Debug\TAppDecoder\link.20716-cvtres.read.1.tlog
E:\HEVC\HM-16.18\build\vc2012\Win32\Debug\TAppDecoder\link.20716-cvtres.write.1.tlog
E:\HEVC\HM-16.18\build\vc2012\Win32\Debug\TAppDecoder\link.20716-rc.read.1.tlog
E:\HEVC\HM-16.18\build\vc2012\Win32\Debug\TAppDecoder\link.20716-rc.write.1.tlog
E:\HEVC\HM-16.18\build\vc2012\Win32\Debug\TAppDecoder\link.20716.read.1.tlog
E:\HEVC\HM-16.18\build\vc2012\Win32\Debug\TAppDecoder\link.20716.write.1.tlog
E:\HEVC\HM-16.18\build\vc2012\Win32\Debug\TAppDecoder\link.6264-cvtres.read.1.tlog
E:\HEVC\HM-16.18\build\vc2012\Win32\Debug\TAppDecoder\link.6264-cvtres.write.1.tlog
E:\HEVC\HM-16.18\build\vc2012\Win32\Debug\TAppDecoder\link.6264-rc.read.1.tlog
E:\HEVC\HM-16.18\build\vc2012\Win32\Debug\TAppDecoder\link.6264-rc.write.1.tlog
E:\HEVC\HM-16.18\build\vc2012\Win32\Debug\TAppDecoder\link.6264.read.1.tlog
E:\HEVC\HM-16.18\build\vc2012\Win32\Debug\TAppDecoder\link.6264.write.1.tlog
E:\HEVC\HM-16.18\build\vc2012\Win32\Debug\TAppDecoder\link.764740-cvtres.read.1.tlog
E:\HEVC\HM-16.18\build\vc2012\Win32\Debug\TAppDecoder\link.764740-cvtres.write.1.tlog
E:\HEVC\HM-16.18\build\vc2012\Win32\Debug\TAppDecoder\link.764740-rc.read.1.tlog
E:\HEVC\HM-16.18\build\vc2012\Win32\Debug\TAppDecoder\link.764740-rc.write.1.tlog
E:\HEVC\HM-16.18\build\vc2012\Win32\Debug\TAppDecoder\link.764740.read.1.tlog
E:\HEVC\HM-16.18\build\vc2012\Win32\Debug\TAppDecoder\link.764740.write.1.tlog
E:\HEVC\HM-16.18\build\vc2012\Win32\Debug\TAppDecoder\link.768256-cvtres.read.1.tlog
E:\HEVC\HM-16.18\build\vc2012\Win32\Debug\TAppDecoder\link.768256-cvtres.write.1.tlog
E:\HEVC\HM-16.18\build\vc2012\Win32\Debug\TAppDecoder\link.768256-rc.read.1.tlog
E:\HEVC\HM-16.18\build\vc2012\Win32\Debug\TAppDecoder\link.768256-rc.write.1.tlog
E:\HEVC\HM-16.18\build\vc2012\Win32\Debug\TAppDecoder\link.768256.read.1.tlog
E:\HEVC\HM-16.18\build\vc2012\Win32\Debug\TAppDecoder\link.768256.write.1.tlog
E:\HEVC\HM-16.18\build\vc2012\Win32\Debug\TAppDecoder\link.769192-cvtres.read.1.tlog
E:\HEVC\HM-16.18\build\vc2012\Win32\Debug\TAppDecoder\link.769192-cvtres.write.1.tlog
E:\HEVC\HM-16.18\build\vc2012\Win32\Debug\TAppDecoder\link.769192-rc.read.1.tlog
E:\HEVC\HM-16.18\build\vc2012\Win32\Debug\TAppDecoder\link.769192-rc.write.1.tlog
E:\HEVC\HM-16.18\build\vc2012\Win32\Debug\TAppDecoder\link.769192.read.1.tlog
E:\HEVC\HM-16.18\build\vc2012\Win32\Debug\TAppDecoder\link.769192.write.1.tlog
E:\HEVC\HM-16.18\build\vc2012\Win32\Debug\TAppDecoder\link.769832-cvtres.read.1.tlog
E:\HEVC\HM-16.18\build\vc2012\Win32\Debug\TAppDecoder\link.769832-cvtres.write.1.tlog
E:\HEVC\HM-16.18\build\vc2012\Win32\Debug\TAppDecoder\link.769832-rc.read.1.tlog
E:\HEVC\HM-16.18\build\vc2012\Win32\Debug\TAppDecoder\link.769832-rc.write.1.tlog
E:\HEVC\HM-16.18\build\vc2012\Win32\Debug\TAppDecoder\link.769832.read.1.tlog
E:\HEVC\HM-16.18\build\vc2012\Win32\Debug\TAppDecoder\link.769832.write.1.tlog
E:\HEVC\HM-16.18\build\vc2012\Win32\Debug\TAppDecoder\link.8176-cvtres.read.1.tlog
E:\HEVC\HM-16.18\build\vc2012\Win32\Debug\TAppDecoder\link.8176-cvtres.write.1.tlog
E:\HEVC\HM-16.18\build\vc2012\Win32\Debug\TAppDecoder\link.8176-rc.read.1.tlog
E:\HEVC\HM-16.18\build\vc2012\Win32\Debug\TAppDecoder\link.8176-rc.write.1.tlog
E:\HEVC\HM-16.18\build\vc2012\Win32\Debug\TAppDecoder\link.8176.read.1.tlog
E:\HEVC\HM-16.18\build\vc2012\Win32\Debug\TAppDecoder\link.8176.write.1.tlog
E:\HEVC\HM-16.18\build\vc2012\Win32\Debug\TAppDecoder\link.command.1.tlog
E:\HEVC\HM-16.18\build\vc2012\Win32\Debug\TAppDecoder\link.read.1.tlog
E:\HEVC\HM-16.18\build\vc2012\Win32\Debug\TAppDecoder\link.write.1.tlog
E:\HEVC\HM-16.18\build\vc2012\Win32\Debug\TAppDecoder\vc110.idb
E:\HEVC\HM-16.18\build\vc2012\Win32\Debug\TAppDecoder\vc110.pdb
E:\HEVC\HM-16.18\build\\..\bin\vc2012\Win32\Debug\TAppDecoder.pdb
E:\HEVC\HM-16.18\build\\..\bin\vc2012\Win32\Debug\TAppDecoder.exe
E:\HEVC\HM-16.18\build\\..\bin\vc2012\Win32\Debug\TAppDecoder.ilk
