生成启动时间为 2019/1/13 22:11:14。
     1>项目“E:\HEVC\HM-16.18\build\vc2012\TAppDecoder_vc2012.vcxproj”在节点 2 上(Build 个目标)。
     1>InitializeBuildStatus:
         正在创建“E:\HEVC\HM-16.18\build\\vc2012\Win32\Debug\TAppDecoder\TAppDecoder.unsuccessfulbuild”，因为已指定“AlwaysCreate”。
       ClCompile:
         所有输出均为最新。
       Link:
         E:\VS2012\Microsoft Visual Studio 11.0\VC\bin\link.exe /ERRORREPORT:PROMPT /OUT:"E:\HEVC\HM-16.18\build\\..\bin\vc2012\Win32\Debug\TAppDecoder.exe" /INCREMENTAL /NOLOGO kernel32.lib user32.lib gdi32.lib winspool.lib comdlg32.lib advapi32.lib shell32.lib ole32.lib oleaut32.lib uuid.lib odbc32.lib odbccp32.lib /MANIFEST /MANIFESTUAC:"level='asInvoker' uiAccess='false'" /manifest:embed /DEBUG /PDB:"E:\HEVC\HM-16.18\build\\..\bin\vc2012\Win32\Debug\TAppDecoder.pdb" /SUBSYSTEM:CONSOLE /TLBID:1 /DYNAMICBASE /NXCOMPAT /IMPLIB:"E:\HEVC\HM-16.18\build\\..\bin\vc2012\Win32\Debug\TAppDecoder.lib" /MACHINE:X86 /SAFESEH "E:\HEVC\HM-16.18\build\\vc2012\Win32\Debug\TAppDecoder\decmain.obj"
         "E:\HEVC\HM-16.18\build\\vc2012\Win32\Debug\TAppDecoder\TAppDecCfg.obj"
         "E:\HEVC\HM-16.18\build\\vc2012\Win32\Debug\TAppDecoder\TAppDecTop.obj"
         "E:\HEVC\HM-16.18\build\vc2012\Win32\Debug\TAppCommon\TAppCommon.lib"
         "E:\HEVC\HM-16.18\build\vc2012\Win32\Debug\TLibCommon\TLibCommon.lib"
         "E:\HEVC\HM-16.18\build\vc2012\Win32\Debug\TLibDecoder\TLibDecoder.lib"
         "E:\HEVC\HM-16.18\build\vc2012\Win32\Debug\TLibVideoIo\TLibVideoIO.lib"
         TAppDecoder_vc2012.vcxproj -> E:\HEVC\HM-16.18\build\\..\bin\vc2012\Win32\Debug\TAppDecoder.exe
       FinalizeBuildStatus:
         正在删除文件“E:\HEVC\HM-16.18\build\\vc2012\Win32\Debug\TAppDecoder\TAppDecoder.unsuccessfulbuild”。
         正在对“E:\HEVC\HM-16.18\build\\vc2012\Win32\Debug\TAppDecoder\TAppDecoder.lastbuildstate”执行 Touch 任务。
     1>已完成生成项目“E:\HEVC\HM-16.18\build\vc2012\TAppDecoder_vc2012.vcxproj”(Build 个目标)的操作。

生成成功。

已用时间 00:00:09.58
