C:\MAGGIEBORN\MAGGIEEXPERIMENT\2ND EXP\HEVC\HM-16.18\BUILD\VC2010\WIN32\DEBUG\TLIBDECODER\ANNEXBREAD.OBJ
C:\MAGGIEBORN\MAGGIEEXPERIMENT\2ND EXP\HEVC\HM-16.18\BUILD\VC2010\WIN32\DEBUG\TLIBDECODER\NALREAD.OBJ
C:\MAGGIEBORN\MAGGIEEXPERIMENT\2ND EXP\HEVC\HM-16.18\BUILD\VC2010\WIN32\DEBUG\TLIBDECODER\SEIREAD.OBJ
C:\MAGGIEBORN\MAGGIEEXPERIMENT\2ND EXP\HEVC\HM-16.18\BUILD\VC2010\WIN32\DEBUG\TLIBDECODER\SYNTAXELEMENTPARSER.OBJ
C:\MAGGIEBORN\MAGGIEEXPERIMENT\2ND EXP\HEVC\HM-16.18\BUILD\VC2010\WIN32\DEBUG\TLIBDECODER\TDECBINCODERCABAC.OBJ
C:\MAGGIEBORN\MAGGIEEXPERIMENT\2ND EXP\HEVC\HM-16.18\BUILD\VC2010\WIN32\DEBUG\TLIBDECODER\TDECCAVLC.OBJ
C:\MAGGIEBORN\MAGGIEEXPERIMENT\2ND EXP\HEVC\HM-16.18\BUILD\VC2010\WIN32\DEBUG\TLIBDECODER\TDECCONFORMANCE.OBJ
C:\MAGGIEBORN\MAGGIEEXPERIMENT\2ND EXP\HEVC\HM-16.18\BUILD\VC2010\WIN32\DEBUG\TLIBDECODER\TDECCU.OBJ
C:\MAGGIEBORN\MAGGIEEXPERIMENT\2ND EXP\HEVC\HM-16.18\BUILD\VC2010\WIN32\DEBUG\TLIBDECODER\TDECENTROPY.OBJ
C:\MAGGIEBORN\MAGGIEEXPERIMENT\2ND EXP\HEVC\HM-16.18\BUILD\VC2010\WIN32\DEBUG\TLIBDECODER\TDECGOP.OBJ
C:\MAGGIEBORN\MAGGIEEXPERIMENT\2ND EXP\HEVC\HM-16.18\BUILD\VC2010\WIN32\DEBUG\TLIBDECODER\TDECSBAC.OBJ
C:\MAGGIEBORN\MAGGIEEXPERIMENT\2ND EXP\HEVC\HM-16.18\BUILD\VC2010\WIN32\DEBUG\TLIBDECODER\TDECSLICE.OBJ
C:\MAGGIEBORN\MAGGIEEXPERIMENT\2ND EXP\HEVC\HM-16.18\BUILD\VC2010\WIN32\DEBUG\TLIBDECODER\TDECTOP.OBJ
C:\MAGGIEBORN\MAGGIEEXPERIMENT\2ND EXP\HEVC\HM-16.18\BUILD\VC2010\WIN32\DEBUG\TLIBDECODER\VC110.PDB
C:\MAGGIEBORN\MAGGIEEXPERIMENT\2ND EXP\HEVC\HM-16.18\BUILD\VC2010\WIN32\DEBUG\TLIBDECODER\TLIBDECODER.LIB
C:\MaggieBorn\MaggieExperiment\2nd Exp\HEVC\HM-16.18\build\vc2010\Win32\Debug\TLibDecoder\AnnexBread.obj
C:\MaggieBorn\MaggieExperiment\2nd Exp\HEVC\HM-16.18\build\vc2010\Win32\Debug\TLibDecoder\NALread.obj
C:\MaggieBorn\MaggieExperiment\2nd Exp\HEVC\HM-16.18\build\vc2010\Win32\Debug\TLibDecoder\SEIread.obj
C:\MaggieBorn\MaggieExperiment\2nd Exp\HEVC\HM-16.18\build\vc2010\Win32\Debug\TLibDecoder\SyntaxElementParser.obj
C:\MaggieBorn\MaggieExperiment\2nd Exp\HEVC\HM-16.18\build\vc2010\Win32\Debug\TLibDecoder\TDecBinCoderCABAC.obj
C:\MaggieBorn\MaggieExperiment\2nd Exp\HEVC\HM-16.18\build\vc2010\Win32\Debug\TLibDecoder\TDecCAVLC.obj
C:\MaggieBorn\MaggieExperiment\2nd Exp\HEVC\HM-16.18\build\vc2010\Win32\Debug\TLibDecoder\TDecConformance.obj
C:\MaggieBorn\MaggieExperiment\2nd Exp\HEVC\HM-16.18\build\vc2010\Win32\Debug\TLibDecoder\TDecCu.obj
C:\MaggieBorn\MaggieExperiment\2nd Exp\HEVC\HM-16.18\build\vc2010\Win32\Debug\TLibDecoder\TDecEntropy.obj
C:\MaggieBorn\MaggieExperiment\2nd Exp\HEVC\HM-16.18\build\vc2010\Win32\Debug\TLibDecoder\TDecGop.obj
C:\MaggieBorn\MaggieExperiment\2nd Exp\HEVC\HM-16.18\build\vc2010\Win32\Debug\TLibDecoder\TDecSbac.obj
C:\MaggieBorn\MaggieExperiment\2nd Exp\HEVC\HM-16.18\build\vc2010\Win32\Debug\TLibDecoder\TDecSlice.obj
C:\MaggieBorn\MaggieExperiment\2nd Exp\HEVC\HM-16.18\build\vc2010\Win32\Debug\TLibDecoder\TDecTop.obj
C:\MaggieBorn\MaggieExperiment\2nd Exp\HEVC\HM-16.18\build\vc2010\Win32\Debug\TLibDecoder\cl.command.1.tlog
C:\MaggieBorn\MaggieExperiment\2nd Exp\HEVC\HM-16.18\build\vc2010\Win32\Debug\TLibDecoder\CL.read.1.tlog
C:\MaggieBorn\MaggieExperiment\2nd Exp\HEVC\HM-16.18\build\vc2010\Win32\Debug\TLibDecoder\CL.write.1.tlog
C:\MaggieBorn\MaggieExperiment\2nd Exp\HEVC\HM-16.18\build\vc2010\Win32\Debug\TLibDecoder\Lib-link.read.1.tlog
C:\MaggieBorn\MaggieExperiment\2nd Exp\HEVC\HM-16.18\build\vc2010\Win32\Debug\TLibDecoder\Lib-link.write.1.tlog
C:\MaggieBorn\MaggieExperiment\2nd Exp\HEVC\HM-16.18\build\vc2010\Win32\Debug\TLibDecoder\lib.command.1.tlog
C:\MaggieBorn\MaggieExperiment\2nd Exp\HEVC\HM-16.18\build\vc2010\Win32\Debug\TLibDecoder\vc110.idb
C:\MaggieBorn\MaggieExperiment\2nd Exp\HEVC\HM-16.18\build\vc2010\Win32\Debug\TLibDecoder\vc110.pdb
C:\MaggieBorn\MaggieExperiment\2nd Exp\HEVC\HM-16.18\build\\vc2010\Win32\Debug\TLibDecoder\TLibDecoder.lib
