C:\MAGGIEBORN\MAGGIEEXPERIMENT\2ND EXP\HEVC\HM-16.18\BUILD\VC2010\WIN32\DEBUG\TAPPDECODER\DECMAIN.OBJ
C:\MAGGIEBORN\MAGGIEEXPERIMENT\2ND EXP\HEVC\HM-16.18\BUILD\VC2010\WIN32\DEBUG\TAPPDECODER\TAPPDECCFG.OBJ
C:\MAGGIEBORN\MAGGIEEXPERIMENT\2ND EXP\HEVC\HM-16.18\BUILD\VC2010\WIN32\DEBUG\TAPPDECODER\TAPPDECTOP.OBJ
C:\MAGGIEBORN\MAGGIEEXPERIMENT\2ND EXP\HEVC\HM-16.18\BUILD\VC2010\WIN32\DEBUG\TAPPDECODER\VC110.PDB
C:\MAGGIEBORN\MAGGIEEXPERIMENT\2ND EXP\HEVC\HM-16.18\BIN\VC2010\WIN32\DEBUG\TAPPDECODER.ILK
C:\MAGGIEBORN\MAGGIEEXPERIMENT\2ND EXP\HEVC\HM-16.18\BIN\VC2010\WIN32\DEBUG\TAPPDECODER.EXE
C:\MAGGIEBORN\MAGGIEEXPERIMENT\2ND EXP\HEVC\HM-16.18\BIN\VC2010\WIN32\DEBUG\TAPPDECODER.PDB
C:\MaggieBorn\MaggieExperiment\2nd Exp\HEVC\HM-16.18\build\vc2010\Win32\Debug\TAppDecoder\decmain.obj
C:\MaggieBorn\MaggieExperiment\2nd Exp\HEVC\HM-16.18\build\vc2010\Win32\Debug\TAppDecoder\TAppDecCfg.obj
C:\MaggieBorn\MaggieExperiment\2nd Exp\HEVC\HM-16.18\build\vc2010\Win32\Debug\TAppDecoder\TAppDecTop.obj
C:\MaggieBorn\MaggieExperiment\2nd Exp\HEVC\HM-16.18\build\vc2010\Win32\Debug\TAppDecoder\cl.command.1.tlog
C:\MaggieBorn\MaggieExperiment\2nd Exp\HEVC\HM-16.18\build\vc2010\Win32\Debug\TAppDecoder\CL.read.1.tlog
C:\MaggieBorn\MaggieExperiment\2nd Exp\HEVC\HM-16.18\build\vc2010\Win32\Debug\TAppDecoder\CL.write.1.tlog
C:\MaggieBorn\MaggieExperiment\2nd Exp\HEVC\HM-16.18\build\vc2010\Win32\Debug\TAppDecoder\link-cvtres.read.1.tlog
C:\MaggieBorn\MaggieExperiment\2nd Exp\HEVC\HM-16.18\build\vc2010\Win32\Debug\TAppDecoder\link-cvtres.write.1.tlog
C:\MaggieBorn\MaggieExperiment\2nd Exp\HEVC\HM-16.18\build\vc2010\Win32\Debug\TAppDecoder\link-rc.read.1.tlog
C:\MaggieBorn\MaggieExperiment\2nd Exp\HEVC\HM-16.18\build\vc2010\Win32\Debug\TAppDecoder\link-rc.write.1.tlog
C:\MaggieBorn\MaggieExperiment\2nd Exp\HEVC\HM-16.18\build\vc2010\Win32\Debug\TAppDecoder\link.command.1.tlog
C:\MaggieBorn\MaggieExperiment\2nd Exp\HEVC\HM-16.18\build\vc2010\Win32\Debug\TAppDecoder\link.read.1.tlog
C:\MaggieBorn\MaggieExperiment\2nd Exp\HEVC\HM-16.18\build\vc2010\Win32\Debug\TAppDecoder\link.write.1.tlog
C:\MaggieBorn\MaggieExperiment\2nd Exp\HEVC\HM-16.18\build\vc2010\Win32\Debug\TAppDecoder\vc110.idb
C:\MaggieBorn\MaggieExperiment\2nd Exp\HEVC\HM-16.18\build\vc2010\Win32\Debug\TAppDecoder\vc110.pdb
C:\MaggieBorn\MaggieExperiment\2nd Exp\HEVC\HM-16.18\build\\..\bin\vc2010\Win32\Debug\TAppDecoder.pdb
C:\MaggieBorn\MaggieExperiment\2nd Exp\HEVC\HM-16.18\build\\..\bin\vc2010\Win32\Debug\TAppDecoder.exe
C:\MaggieBorn\MaggieExperiment\2nd Exp\HEVC\HM-16.18\build\\..\bin\vc2010\Win32\Debug\TAppDecoder.ilk
