E:\HEVC\HM-16.18\BUILD\VC2012\WIN32\DEBUG\TLIBDECODERANALYSER\ANNEXBREAD.OBJ
E:\HEVC\HM-16.18\BUILD\VC2012\WIN32\DEBUG\TLIBDECODERANALYSER\NALREAD.OBJ
E:\HEVC\HM-16.18\BUILD\VC2012\WIN32\DEBUG\TLIBDECODERANALYSER\SEIREAD.OBJ
E:\HEVC\HM-16.18\BUILD\VC2012\WIN32\DEBUG\TLIBDECODERANALYSER\SYNTAXELEMENTPARSER.OBJ
E:\HEVC\HM-16.18\BUILD\VC2012\WIN32\DEBUG\TLIBDECODERANALYSER\TDECBINCODERCABAC.OBJ
E:\HEVC\HM-16.18\BUILD\VC2012\WIN32\DEBUG\TLIBDECODERANALYSER\TDECCAVLC.OBJ
E:\HEVC\HM-16.18\BUILD\VC2012\WIN32\DEBUG\TLIBDECODERANALYSER\TDECCONFORMANCE.OBJ
E:\HEVC\HM-16.18\BUILD\VC2012\WIN32\DEBUG\TLIBDECODERANALYSER\TDECCU.OBJ
E:\HEVC\HM-16.18\BUILD\VC2012\WIN32\DEBUG\TLIBDECODERANALYSER\TDECENTROPY.OBJ
E:\HEVC\HM-16.18\BUILD\VC2012\WIN32\DEBUG\TLIBDECODERANALYSER\TDECGOP.OBJ
E:\HEVC\HM-16.18\BUILD\VC2012\WIN32\DEBUG\TLIBDECODERANALYSER\TDECSBAC.OBJ
E:\HEVC\HM-16.18\BUILD\VC2012\WIN32\DEBUG\TLIBDECODERANALYSER\TDECSLICE.OBJ
E:\HEVC\HM-16.18\BUILD\VC2012\WIN32\DEBUG\TLIBDECODERANALYSER\TDECTOP.OBJ
E:\HEVC\HM-16.18\BUILD\VC2012\WIN32\DEBUG\TLIBDECODERANALYSER\VC110.PDB
E:\HEVC\HM-16.18\BUILD\VC2012\WIN32\DEBUG\TLIBDECODERANALYSER\TLIBDECODERANALYSER.LIB
E:\HEVC\HM-16.18\build\vc2012\Win32\Debug\TLibDecoderAnalyser\AnnexBread.obj
E:\HEVC\HM-16.18\build\vc2012\Win32\Debug\TLibDecoderAnalyser\NALread.obj
E:\HEVC\HM-16.18\build\vc2012\Win32\Debug\TLibDecoderAnalyser\SEIread.obj
E:\HEVC\HM-16.18\build\vc2012\Win32\Debug\TLibDecoderAnalyser\SyntaxElementParser.obj
E:\HEVC\HM-16.18\build\vc2012\Win32\Debug\TLibDecoderAnalyser\TDecBinCoderCABAC.obj
E:\HEVC\HM-16.18\build\vc2012\Win32\Debug\TLibDecoderAnalyser\TDecCAVLC.obj
E:\HEVC\HM-16.18\build\vc2012\Win32\Debug\TLibDecoderAnalyser\TDecConformance.obj
E:\HEVC\HM-16.18\build\vc2012\Win32\Debug\TLibDecoderAnalyser\TDecCu.obj
E:\HEVC\HM-16.18\build\vc2012\Win32\Debug\TLibDecoderAnalyser\TDecEntropy.obj
E:\HEVC\HM-16.18\build\vc2012\Win32\Debug\TLibDecoderAnalyser\TDecGop.obj
E:\HEVC\HM-16.18\build\vc2012\Win32\Debug\TLibDecoderAnalyser\TDecSbac.obj
E:\HEVC\HM-16.18\build\vc2012\Win32\Debug\TLibDecoderAnalyser\TDecSlice.obj
E:\HEVC\HM-16.18\build\vc2012\Win32\Debug\TLibDecoderAnalyser\TDecTop.obj
E:\HEVC\HM-16.18\build\vc2012\Win32\Debug\TLibDecoderAnalyser\cl.command.1.tlog
E:\HEVC\HM-16.18\build\vc2012\Win32\Debug\TLibDecoderAnalyser\CL.read.1.tlog
E:\HEVC\HM-16.18\build\vc2012\Win32\Debug\TLibDecoderAnalyser\CL.write.1.tlog
E:\HEVC\HM-16.18\build\vc2012\Win32\Debug\TLibDecoderAnalyser\Lib-link.read.1.tlog
E:\HEVC\HM-16.18\build\vc2012\Win32\Debug\TLibDecoderAnalyser\Lib-link.write.1.tlog
E:\HEVC\HM-16.18\build\vc2012\Win32\Debug\TLibDecoderAnalyser\lib.command.1.tlog
E:\HEVC\HM-16.18\build\vc2012\Win32\Debug\TLibDecoderAnalyser\vc110.idb
E:\HEVC\HM-16.18\build\vc2012\Win32\Debug\TLibDecoderAnalyser\vc110.pdb
E:\HEVC\HM-16.18\build\\vc2012\Win32\Debug\TLibDecoderAnalyser\TLibDecoderAnalyser.lib
