E:\HEVC\HM-16.18\BUILD\VC2012\WIN32\RELEASE\TLIBDECODERANALYSER\TDECTOP.OBJ
E:\HEVC\HM-16.18\BUILD\VC2012\WIN32\RELEASE\TLIBDECODERANALYSER\TDECSLICE.OBJ
E:\HEVC\HM-16.18\BUILD\VC2012\WIN32\RELEASE\TLIBDECODERANALYSER\TDECSBAC.OBJ
E:\HEVC\HM-16.18\BUILD\VC2012\WIN32\RELEASE\TLIBDECODERANALYSER\TDECGOP.OBJ
E:\HEVC\HM-16.18\BUILD\VC2012\WIN32\RELEASE\TLIBDECODERANALYSER\TDECENTROPY.OBJ
E:\HEVC\HM-16.18\BUILD\VC2012\WIN32\RELEASE\TLIBDECODERANALYSER\TDECCU.OBJ
E:\HEVC\HM-16.18\BUILD\VC2012\WIN32\RELEASE\TLIBDECODERANALYSER\TDECCONFORMANCE.OBJ
E:\HEVC\HM-16.18\BUILD\VC2012\WIN32\RELEASE\TLIBDECODERANALYSER\TDECCAVLC.OBJ
E:\HEVC\HM-16.18\BUILD\VC2012\WIN32\RELEASE\TLIBDECODERANALYSER\TDECBINCODERCABAC.OBJ
E:\HEVC\HM-16.18\BUILD\VC2012\WIN32\RELEASE\TLIBDECODERANALYSER\SYNTAXELEMENTPARSER.OBJ
E:\HEVC\HM-16.18\BUILD\VC2012\WIN32\RELEASE\TLIBDECODERANALYSER\SEIREAD.OBJ
E:\HEVC\HM-16.18\BUILD\VC2012\WIN32\RELEASE\TLIBDECODERANALYSER\NALREAD.OBJ
E:\HEVC\HM-16.18\BUILD\VC2012\WIN32\RELEASE\TLIBDECODERANALYSER\ANNEXBREAD.OBJ
E:\HEVC\HM-16.18\BUILD\VC2012\WIN32\RELEASE\TLIBDECODERANALYSER\VC110.PDB
E:\HEVC\HM-16.18\BUILD\VC2012\WIN32\RELEASE\TLIBDECODERANALYSER\TLIBDECODERANALYSER.LIB
E:\HEVC\HM-16.18\build\vc2012\Win32\Release\TLibDecoderAnalyser\AnnexBread.obj
E:\HEVC\HM-16.18\build\vc2012\Win32\Release\TLibDecoderAnalyser\NALread.obj
E:\HEVC\HM-16.18\build\vc2012\Win32\Release\TLibDecoderAnalyser\SEIread.obj
E:\HEVC\HM-16.18\build\vc2012\Win32\Release\TLibDecoderAnalyser\SyntaxElementParser.obj
E:\HEVC\HM-16.18\build\vc2012\Win32\Release\TLibDecoderAnalyser\TDecBinCoderCABAC.obj
E:\HEVC\HM-16.18\build\vc2012\Win32\Release\TLibDecoderAnalyser\TDecCAVLC.obj
E:\HEVC\HM-16.18\build\vc2012\Win32\Release\TLibDecoderAnalyser\TDecConformance.obj
E:\HEVC\HM-16.18\build\vc2012\Win32\Release\TLibDecoderAnalyser\TDecCu.obj
E:\HEVC\HM-16.18\build\vc2012\Win32\Release\TLibDecoderAnalyser\TDecEntropy.obj
E:\HEVC\HM-16.18\build\vc2012\Win32\Release\TLibDecoderAnalyser\TDecGop.obj
E:\HEVC\HM-16.18\build\vc2012\Win32\Release\TLibDecoderAnalyser\TDecSbac.obj
E:\HEVC\HM-16.18\build\vc2012\Win32\Release\TLibDecoderAnalyser\TDecSlice.obj
E:\HEVC\HM-16.18\build\vc2012\Win32\Release\TLibDecoderAnalyser\TDecTop.obj
E:\HEVC\HM-16.18\build\vc2012\Win32\Release\TLibDecoderAnalyser\cl.command.1.tlog
E:\HEVC\HM-16.18\build\vc2012\Win32\Release\TLibDecoderAnalyser\CL.read.1.tlog
E:\HEVC\HM-16.18\build\vc2012\Win32\Release\TLibDecoderAnalyser\CL.write.1.tlog
E:\HEVC\HM-16.18\build\vc2012\Win32\Release\TLibDecoderAnalyser\Lib-link.read.1.tlog
E:\HEVC\HM-16.18\build\vc2012\Win32\Release\TLibDecoderAnalyser\Lib-link.write.1.tlog
E:\HEVC\HM-16.18\build\vc2012\Win32\Release\TLibDecoderAnalyser\lib.command.1.tlog
E:\HEVC\HM-16.18\build\vc2012\Win32\Release\TLibDecoderAnalyser\vc110.pdb
E:\HEVC\HM-16.18\build\\vc2012\Win32\Release\TLibDecoderAnalyser\TLibDecoderAnalyser.lib
