Build started 11/7/2018 2:01:23 PM.
     1>Project "C:\MaggieBorn\MaggieExperiment\2nd Exp\HEVC\HM-16.18\build\vc2010\TAppEncoder_vc2010.vcxproj" on node 5 (Build target(s)).
     1>ClCompile:
         C:\MaggieBorn\MaggieDownApp\Microsoft Visual Studio 11.0\VC\bin\CL.exe /c /I"C:\MaggieBorn\MaggieExperiment\2nd Exp\HEVC\HM-16.18\build\\..\source\Lib\\" /ZI /nologo /W3 /WX- /Od /Oy- /D WIN32 /D _DEBUG /D _CONSOLE /D _CRT_SECURE_NO_WARNINGS /D _MBCS /Gm /EHsc /RTC1 /MTd /GS /fp:precise /Zc:wchar_t /Zc:forScope /Fo"C:\MaggieBorn\MaggieExperiment\2nd Exp\HEVC\HM-16.18\build\\vc2010\Win32\Debug\TAppEncoder\\" /Fd"C:\MaggieBorn\MaggieExperiment\2nd Exp\HEVC\HM-16.18\build\\vc2010\Win32\Debug\TAppEncoder\vc110.pdb" /Gd /TP /analyze- /errorReport:prompt ..\..\source\App\TAppEncoder\encmain.cpp ..\..\source\App\TAppEncoder\TAppEncCfg.cpp ..\..\source\App\TAppEncoder\TAppEncTop.cpp
         TAppEncTop.cpp
         TAppEncCfg.cpp
         encmain.cpp
         正在生成代码...
       Link:
         C:\MaggieBorn\MaggieDownApp\Microsoft Visual Studio 11.0\VC\bin\link.exe /ERRORREPORT:PROMPT /OUT:"C:\MaggieBorn\MaggieExperiment\2nd Exp\HEVC\HM-16.18\build\\..\bin\vc2010\Win32\Debug\TAppEncoder.exe" /INCREMENTAL /NOLOGO kernel32.lib user32.lib gdi32.lib winspool.lib comdlg32.lib advapi32.lib shell32.lib ole32.lib oleaut32.lib uuid.lib odbc32.lib odbccp32.lib /MANIFEST /MANIFESTUAC:"level='asInvoker' uiAccess='false'" /manifest:embed /DEBUG /PDB:"C:\MaggieBorn\MaggieExperiment\2nd Exp\HEVC\HM-16.18\build\\..\bin\vc2010\Win32\Debug\TAppEncoder.pdb" /SUBSYSTEM:CONSOLE /TLBID:1 /DYNAMICBASE /NXCOMPAT /IMPLIB:"C:\MaggieBorn\MaggieExperiment\2nd Exp\HEVC\HM-16.18\build\\..\bin\vc2010\Win32\Debug\TAppEncoder.lib" /MACHINE:X86 /SAFESEH "C:\MaggieBorn\MaggieExperiment\2nd Exp\HEVC\HM-16.18\build\\vc2010\Win32\Debug\TAppEncoder\encmain.obj"
         "C:\MaggieBorn\MaggieExperiment\2nd Exp\HEVC\HM-16.18\build\\vc2010\Win32\Debug\TAppEncoder\TAppEncCfg.obj"
         "C:\MaggieBorn\MaggieExperiment\2nd Exp\HEVC\HM-16.18\build\\vc2010\Win32\Debug\TAppEncoder\TAppEncTop.obj"
         "C:\MaggieBorn\MaggieExperiment\2nd Exp\HEVC\HM-16.18\build\vc2010\Win32\Debug\TAppCommon\TAppCommon.lib"
         "C:\MaggieBorn\MaggieExperiment\2nd Exp\HEVC\HM-16.18\build\vc2010\Win32\Debug\TLibCommon\TLibCommon.lib"
         "C:\MaggieBorn\MaggieExperiment\2nd Exp\HEVC\HM-16.18\build\vc2010\Win32\Debug\TLibEncoder\TLibEncoder.lib"
         "C:\MaggieBorn\MaggieExperiment\2nd Exp\HEVC\HM-16.18\build\vc2010\Win32\Debug\TLibVideoIo\TLibVideoIO.lib"
     1>encmain.obj : warning LNK4075: 忽略“/EDITANDCONTINUE”(由于“/SAFESEH”规范)
         TAppEncoder_vc2010.vcxproj -> C:\MaggieBorn\MaggieExperiment\2nd Exp\HEVC\HM-16.18\build\\..\bin\vc2010\Win32\Debug\TAppEncoder.exe
     1>Done Building Project "C:\MaggieBorn\MaggieExperiment\2nd Exp\HEVC\HM-16.18\build\vc2010\TAppEncoder_vc2010.vcxproj" (Build target(s)).

Build succeeded.

Time Elapsed 00:00:09.29
