C:\MAGGIEBORN\MAGGIEEXPERIMENT\2ND EXP\HEVC\HM-16.18\BUILD\VC2010\WIN32\DEBUG\TAPPENCODER\ENCMAIN.OBJ
C:\MAGGIEBORN\MAGGIEEXPERIMENT\2ND EXP\HEVC\HM-16.18\BUILD\VC2010\WIN32\DEBUG\TAPPENCODER\TAPPENCCFG.OBJ
C:\MAGGIEBORN\MAGGIEEXPERIMENT\2ND EXP\HEVC\HM-16.18\BUILD\VC2010\WIN32\DEBUG\TAPPENCODER\TAPPENCTOP.OBJ
C:\MAGGIEBORN\MAGGIEEXPERIMENT\2ND EXP\HEVC\HM-16.18\BUILD\VC2010\WIN32\DEBUG\TAPPENCODER\VC110.PDB
C:\MAGGIEBORN\MAGGIEEXPERIMENT\2ND EXP\HEVC\HM-16.18\BIN\VC2010\WIN32\DEBUG\TAPPENCODER.ILK
C:\MAGGIEBORN\MAGGIEEXPERIMENT\2ND EXP\HEVC\HM-16.18\BIN\VC2010\WIN32\DEBUG\TAPPENCODER.EXE
C:\MAGGIEBORN\MAGGIEEXPERIMENT\2ND EXP\HEVC\HM-16.18\BIN\VC2010\WIN32\DEBUG\TAPPENCODER.PDB
C:\MaggieBorn\MaggieExperiment\2nd Exp\HEVC\HM-16.18\build\vc2010\Win32\Debug\TAppEncoder\encmain.obj
C:\MaggieBorn\MaggieExperiment\2nd Exp\HEVC\HM-16.18\build\vc2010\Win32\Debug\TAppEncoder\TAppEncCfg.obj
C:\MaggieBorn\MaggieExperiment\2nd Exp\HEVC\HM-16.18\build\vc2010\Win32\Debug\TAppEncoder\TAppEncTop.obj
C:\MaggieBorn\MaggieExperiment\2nd Exp\HEVC\HM-16.18\build\vc2010\Win32\Debug\TAppEncoder\cl.command.1.tlog
C:\MaggieBorn\MaggieExperiment\2nd Exp\HEVC\HM-16.18\build\vc2010\Win32\Debug\TAppEncoder\CL.read.1.tlog
C:\MaggieBorn\MaggieExperiment\2nd Exp\HEVC\HM-16.18\build\vc2010\Win32\Debug\TAppEncoder\CL.write.1.tlog
C:\MaggieBorn\MaggieExperiment\2nd Exp\HEVC\HM-16.18\build\vc2010\Win32\Debug\TAppEncoder\link-cvtres.read.1.tlog
C:\MaggieBorn\MaggieExperiment\2nd Exp\HEVC\HM-16.18\build\vc2010\Win32\Debug\TAppEncoder\link-cvtres.write.1.tlog
C:\MaggieBorn\MaggieExperiment\2nd Exp\HEVC\HM-16.18\build\vc2010\Win32\Debug\TAppEncoder\link-rc.read.1.tlog
C:\MaggieBorn\MaggieExperiment\2nd Exp\HEVC\HM-16.18\build\vc2010\Win32\Debug\TAppEncoder\link-rc.write.1.tlog
C:\MaggieBorn\MaggieExperiment\2nd Exp\HEVC\HM-16.18\build\vc2010\Win32\Debug\TAppEncoder\link.command.1.tlog
C:\MaggieBorn\MaggieExperiment\2nd Exp\HEVC\HM-16.18\build\vc2010\Win32\Debug\TAppEncoder\link.read.1.tlog
C:\MaggieBorn\MaggieExperiment\2nd Exp\HEVC\HM-16.18\build\vc2010\Win32\Debug\TAppEncoder\link.write.1.tlog
C:\MaggieBorn\MaggieExperiment\2nd Exp\HEVC\HM-16.18\build\vc2010\Win32\Debug\TAppEncoder\vc110.idb
C:\MaggieBorn\MaggieExperiment\2nd Exp\HEVC\HM-16.18\build\vc2010\Win32\Debug\TAppEncoder\vc110.pdb
C:\MaggieBorn\MaggieExperiment\2nd Exp\HEVC\HM-16.18\build\\..\bin\vc2010\Win32\Debug\TAppEncoder.pdb
C:\MaggieBorn\MaggieExperiment\2nd Exp\HEVC\HM-16.18\build\\..\bin\vc2010\Win32\Debug\TAppEncoder.exe
C:\MaggieBorn\MaggieExperiment\2nd Exp\HEVC\HM-16.18\build\\..\bin\vc2010\Win32\Debug\TAppEncoder.ilk
