生成启动时间为 2019/1/21 15:08:23。
     1>项目“E:\HEVC\HM-16.18\build\vc2012\TLibCommon_vc2012.vcxproj”在节点 3 上(Build 个目标)。
     1>InitializeBuildStatus:
         正在创建“E:\HEVC\HM-16.18\build\\vc2012\Win32\Release\TLibCommon\TLibCommon.unsuccessfulbuild”，因为已指定“AlwaysCreate”。
       ClCompile:
         E:\VS2012\Microsoft Visual Studio 11.0\VC\bin\CL.exe /c /I"E:\HEVC\HM-16.18\build\\..\source\Lib\\" /Zi /nologo /W3 /WX- /O2 /Ob2 /Ot /Oy- /GL /D WIN32 /D _LIB /D _CRT_SECURE_NO_WARNINGS /D _MBCS /GF /Gm- /EHsc /MT /GS /Gy /fp:precise /Zc:wchar_t /Zc:forScope /Fo"E:\HEVC\HM-16.18\build\\vc2012\Win32\Release\TLibCommon\\" /Fd"E:\HEVC\HM-16.18\build\\vc2012\Win32\Release\TLibCommon\vc110.pdb" /Gd /TC /analyze- /errorReport:prompt ..\..\source\Lib\libmd5\libmd5.c
         libmd5.c
         E:\VS2012\Microsoft Visual Studio 11.0\VC\bin\CL.exe /c /I"E:\HEVC\HM-16.18\build\\..\source\Lib\\" /Zi /nologo /W3 /WX- /O2 /Ob2 /Ot /Oy- /GL /D WIN32 /D _LIB /D _CRT_SECURE_NO_WARNINGS /D _MBCS /GF /Gm- /EHsc /MT /GS /Gy /fp:precise /Zc:wchar_t /Zc:forScope /Fo"E:\HEVC\HM-16.18\build\\vc2012\Win32\Release\TLibCommon\\" /Fd"E:\HEVC\HM-16.18\build\\vc2012\Win32\Release\TLibCommon\vc110.pdb" /Gd /TP /analyze- /errorReport:prompt ..\..\source\Lib\TLibCommon\ContextModel.cpp ..\..\source\Lib\TLibCommon\ContextModel3DBuffer.cpp ..\..\source\Lib\TLibCommon\Debug.cpp ..\..\source\Lib\TLibCommon\SEI.cpp ..\..\source\Lib\TLibCommon\TComBitStream.cpp ..\..\source\Lib\TLibCommon\TComCABACTables.cpp ..\..\source\Lib\TLibCommon\TComChromaFormat.cpp ..\..\source\Lib\TLibCommon\TComDataCU.cpp ..\..\source\Lib\TLibCommon\TComInterpolationFilter.cpp ..\..\source\Lib\TLibCommon\TComLoopFilter.cpp ..\..\source\Lib\TLibCommon\TComMotionInfo.cpp ..\..\source\Lib\TLibCommon\TComPattern.cpp ..\..\source\Lib\TLibCommon\TComPic.cpp ..\..\source\Lib\TLibCommon\TComPicSym.cpp ..\..\source\Lib\TLibCommon\TComPicYuv.cpp ..\..\source\Lib\TLibCommon\TComPicYuvMD5.cpp ..\..\source\Lib\TLibCommon\TComPrediction.cpp ..\..\source\Lib\TLibCommon\TComRdCost.cpp ..\..\source\Lib\TLibCommon\TComRdCostWeightPrediction.cpp ..\..\source\Lib\TLibCommon\TComRom.cpp ..\..\source\Lib\TLibCommon\TComSampleAdaptiveOffset.cpp ..\..\source\Lib\TLibCommon\TComSlice.cpp ..\..\source\Lib\TLibCommon\TComTrQuant.cpp ..\..\source\Lib\TLibCommon\TComTU.cpp ..\..\source\Lib\TLibCommon\TComWeightPrediction.cpp ..\..\source\Lib\TLibCommon\TComYuv.cpp
         ContextModel.cpp
         ContextModel3DBuffer.cpp
         Debug.cpp
         SEI.cpp
         TComBitStream.cpp
         TComCABACTables.cpp
         TComChromaFormat.cpp
         TComDataCU.cpp
         TComInterpolationFilter.cpp
         TComLoopFilter.cpp
         TComMotionInfo.cpp
         TComPattern.cpp
         TComPic.cpp
         TComPicSym.cpp
         TComPicYuv.cpp
         TComPicYuvMD5.cpp
         TComPrediction.cpp
         TComRdCost.cpp
         TComRdCostWeightPrediction.cpp
         TComRom.cpp
         正在编译...
         TComSampleAdaptiveOffset.cpp
         TComSlice.cpp
         TComTrQuant.cpp
         TComTU.cpp
         TComWeightPrediction.cpp
         TComYuv.cpp
       Lib:
         E:\VS2012\Microsoft Visual Studio 11.0\VC\bin\Lib.exe /OUT:"E:\HEVC\HM-16.18\build\\vc2012\Win32\Release\TLibCommon\TLibCommon.lib" /NOLOGO /LTCG "E:\HEVC\HM-16.18\build\\vc2012\Win32\Release\TLibCommon\libmd5.obj"
         "E:\HEVC\HM-16.18\build\\vc2012\Win32\Release\TLibCommon\ContextModel.obj"
         "E:\HEVC\HM-16.18\build\\vc2012\Win32\Release\TLibCommon\ContextModel3DBuffer.obj"
         "E:\HEVC\HM-16.18\build\\vc2012\Win32\Release\TLibCommon\Debug.obj"
         "E:\HEVC\HM-16.18\build\\vc2012\Win32\Release\TLibCommon\SEI.obj"
         "E:\HEVC\HM-16.18\build\\vc2012\Win32\Release\TLibCommon\TComBitStream.obj"
         "E:\HEVC\HM-16.18\build\\vc2012\Win32\Release\TLibCommon\TComCABACTables.obj"
         "E:\HEVC\HM-16.18\build\\vc2012\Win32\Release\TLibCommon\TComChromaFormat.obj"
         "E:\HEVC\HM-16.18\build\\vc2012\Win32\Release\TLibCommon\TComDataCU.obj"
         "E:\HEVC\HM-16.18\build\\vc2012\Win32\Release\TLibCommon\TComInterpolationFilter.obj"
         "E:\HEVC\HM-16.18\build\\vc2012\Win32\Release\TLibCommon\TComLoopFilter.obj"
         "E:\HEVC\HM-16.18\build\\vc2012\Win32\Release\TLibCommon\TComMotionInfo.obj"
         "E:\HEVC\HM-16.18\build\\vc2012\Win32\Release\TLibCommon\TComPattern.obj"
         "E:\HEVC\HM-16.18\build\\vc2012\Win32\Release\TLibCommon\TComPic.obj"
         "E:\HEVC\HM-16.18\build\\vc2012\Win32\Release\TLibCommon\TComPicSym.obj"
         "E:\HEVC\HM-16.18\build\\vc2012\Win32\Release\TLibCommon\TComPicYuv.obj"
         "E:\HEVC\HM-16.18\build\\vc2012\Win32\Release\TLibCommon\TComPicYuvMD5.obj"
         "E:\HEVC\HM-16.18\build\\vc2012\Win32\Release\TLibCommon\TComPrediction.obj"
         "E:\HEVC\HM-16.18\build\\vc2012\Win32\Release\TLibCommon\TComRdCost.obj"
         "E:\HEVC\HM-16.18\build\\vc2012\Win32\Release\TLibCommon\TComRdCostWeightPrediction.obj"
         "E:\HEVC\HM-16.18\build\\vc2012\Win32\Release\TLibCommon\TComRom.obj"
         "E:\HEVC\HM-16.18\build\\vc2012\Win32\Release\TLibCommon\TComSampleAdaptiveOffset.obj"
         "E:\HEVC\HM-16.18\build\\vc2012\Win32\Release\TLibCommon\TComSlice.obj"
         "E:\HEVC\HM-16.18\build\\vc2012\Win32\Release\TLibCommon\TComTrQuant.obj"
         "E:\HEVC\HM-16.18\build\\vc2012\Win32\Release\TLibCommon\TComTU.obj"
         "E:\HEVC\HM-16.18\build\\vc2012\Win32\Release\TLibCommon\TComWeightPrediction.obj"
         "E:\HEVC\HM-16.18\build\\vc2012\Win32\Release\TLibCommon\TComYuv.obj"
         TLibCommon_vc2012.vcxproj -> E:\HEVC\HM-16.18\build\\vc2012\Win32\Release\TLibCommon\TLibCommon.lib
       FinalizeBuildStatus:
         正在删除文件“E:\HEVC\HM-16.18\build\\vc2012\Win32\Release\TLibCommon\TLibCommon.unsuccessfulbuild”。
         正在对“E:\HEVC\HM-16.18\build\\vc2012\Win32\Release\TLibCommon\TLibCommon.lastbuildstate”执行 Touch 任务。
     1>已完成生成项目“E:\HEVC\HM-16.18\build\vc2012\TLibCommon_vc2012.vcxproj”(Build 个目标)的操作。

生成成功。

已用时间 00:00:26.21
