E:\HEVC\HM-16.18\BUILD\VC2012\WIN32\DEBUG\TAPPENCODER\ENCMAIN.OBJ
E:\HEVC\HM-16.18\BUILD\VC2012\WIN32\DEBUG\TAPPENCODER\TAPPENCCFG.OBJ
E:\HEVC\HM-16.18\BUILD\VC2012\WIN32\DEBUG\TAPPENCODER\TAPPENCTOP.OBJ
E:\HEVC\HM-16.18\BUILD\VC2012\WIN32\DEBUG\TAPPENCODER\VC110.PDB
E:\HEVC\HM-16.18\BIN\VC2012\WIN32\DEBUG\TAPPENCODER.ILK
E:\HEVC\HM-16.18\BIN\VC2012\WIN32\DEBUG\TAPPENCODER.EXE
E:\HEVC\HM-16.18\BIN\VC2012\WIN32\DEBUG\TAPPENCODER.PDB
E:\HEVC\HM-16.18\build\vc2012\Win32\Debug\TAppEncoder\encmain.obj
E:\HEVC\HM-16.18\build\vc2012\Win32\Debug\TAppEncoder\TAppEncCfg.obj
E:\HEVC\HM-16.18\build\vc2012\Win32\Debug\TAppEncoder\TAppEncTop.obj
E:\HEVC\HM-16.18\build\vc2012\Win32\Debug\TAppEncoder\cl.command.1.tlog
E:\HEVC\HM-16.18\build\vc2012\Win32\Debug\TAppEncoder\CL.read.1.tlog
E:\HEVC\HM-16.18\build\vc2012\Win32\Debug\TAppEncoder\CL.write.1.tlog
E:\HEVC\HM-16.18\build\vc2012\Win32\Debug\TAppEncoder\link-cvtres.read.1.tlog
E:\HEVC\HM-16.18\build\vc2012\Win32\Debug\TAppEncoder\link-cvtres.write.1.tlog
E:\HEVC\HM-16.18\build\vc2012\Win32\Debug\TAppEncoder\link-rc.read.1.tlog
E:\HEVC\HM-16.18\build\vc2012\Win32\Debug\TAppEncoder\link-rc.write.1.tlog
E:\HEVC\HM-16.18\build\vc2012\Win32\Debug\TAppEncoder\link.command.1.tlog
E:\HEVC\HM-16.18\build\vc2012\Win32\Debug\TAppEncoder\link.read.1.tlog
E:\HEVC\HM-16.18\build\vc2012\Win32\Debug\TAppEncoder\link.write.1.tlog
E:\HEVC\HM-16.18\build\vc2012\Win32\Debug\TAppEncoder\vc110.idb
E:\HEVC\HM-16.18\build\vc2012\Win32\Debug\TAppEncoder\vc110.pdb
E:\HEVC\HM-16.18\build\\..\bin\vc2012\Win32\Debug\TAppEncoder.pdb
E:\HEVC\HM-16.18\build\\..\bin\vc2012\Win32\Debug\TAppEncoder.exe
E:\HEVC\HM-16.18\build\\..\bin\vc2012\Win32\Debug\TAppEncoder.ilk
