C:\MAGGIEBORN\MAGGIEEXPERIMENT\2ND EXP\HEVC\HM-16.18\BUILD\VC2010\WIN32\DEBUG\TAPPDECODERANALYSER\DECMAIN.OBJ
C:\MAGGIEBORN\MAGGIEEXPERIMENT\2ND EXP\HEVC\HM-16.18\BUILD\VC2010\WIN32\DEBUG\TAPPDECODERANALYSER\TAPPDECCFG.OBJ
C:\MAGGIEBORN\MAGGIEEXPERIMENT\2ND EXP\HEVC\HM-16.18\BUILD\VC2010\WIN32\DEBUG\TAPPDECODERANALYSER\TAPPDECTOP.OBJ
C:\MAGGIEBORN\MAGGIEEXPERIMENT\2ND EXP\HEVC\HM-16.18\BUILD\VC2010\WIN32\DEBUG\TAPPDECODERANALYSER\VC110.PDB
C:\MAGGIEBORN\MAGGIEEXPERIMENT\2ND EXP\HEVC\HM-16.18\BIN\VC2010\WIN32\DEBUG\TAPPDECODERANALYSER.ILK
C:\MAGGIEBORN\MAGGIEEXPERIMENT\2ND EXP\HEVC\HM-16.18\BIN\VC2010\WIN32\DEBUG\TAPPDECODERANALYSER.EXE
C:\MAGGIEBORN\MAGGIEEXPERIMENT\2ND EXP\HEVC\HM-16.18\BIN\VC2010\WIN32\DEBUG\TAPPDECODERANALYSER.PDB
C:\MaggieBorn\MaggieExperiment\2nd Exp\HEVC\HM-16.18\build\vc2010\Win32\Debug\TAppDecoderAnalyser\decmain.obj
C:\MaggieBorn\MaggieExperiment\2nd Exp\HEVC\HM-16.18\build\vc2010\Win32\Debug\TAppDecoderAnalyser\TAppDecCfg.obj
C:\MaggieBorn\MaggieExperiment\2nd Exp\HEVC\HM-16.18\build\vc2010\Win32\Debug\TAppDecoderAnalyser\TAppDecTop.obj
C:\MaggieBorn\MaggieExperiment\2nd Exp\HEVC\HM-16.18\build\vc2010\Win32\Debug\TAppDecoderAnalyser\cl.command.1.tlog
C:\MaggieBorn\MaggieExperiment\2nd Exp\HEVC\HM-16.18\build\vc2010\Win32\Debug\TAppDecoderAnalyser\CL.read.1.tlog
C:\MaggieBorn\MaggieExperiment\2nd Exp\HEVC\HM-16.18\build\vc2010\Win32\Debug\TAppDecoderAnalyser\CL.write.1.tlog
C:\MaggieBorn\MaggieExperiment\2nd Exp\HEVC\HM-16.18\build\vc2010\Win32\Debug\TAppDecoderAnalyser\link-cvtres.read.1.tlog
C:\MaggieBorn\MaggieExperiment\2nd Exp\HEVC\HM-16.18\build\vc2010\Win32\Debug\TAppDecoderAnalyser\link-cvtres.write.1.tlog
C:\MaggieBorn\MaggieExperiment\2nd Exp\HEVC\HM-16.18\build\vc2010\Win32\Debug\TAppDecoderAnalyser\link-rc.read.1.tlog
C:\MaggieBorn\MaggieExperiment\2nd Exp\HEVC\HM-16.18\build\vc2010\Win32\Debug\TAppDecoderAnalyser\link-rc.write.1.tlog
C:\MaggieBorn\MaggieExperiment\2nd Exp\HEVC\HM-16.18\build\vc2010\Win32\Debug\TAppDecoderAnalyser\link.command.1.tlog
C:\MaggieBorn\MaggieExperiment\2nd Exp\HEVC\HM-16.18\build\vc2010\Win32\Debug\TAppDecoderAnalyser\link.read.1.tlog
C:\MaggieBorn\MaggieExperiment\2nd Exp\HEVC\HM-16.18\build\vc2010\Win32\Debug\TAppDecoderAnalyser\link.write.1.tlog
C:\MaggieBorn\MaggieExperiment\2nd Exp\HEVC\HM-16.18\build\vc2010\Win32\Debug\TAppDecoderAnalyser\vc110.idb
C:\MaggieBorn\MaggieExperiment\2nd Exp\HEVC\HM-16.18\build\vc2010\Win32\Debug\TAppDecoderAnalyser\vc110.pdb
C:\MaggieBorn\MaggieExperiment\2nd Exp\HEVC\HM-16.18\build\\..\bin\vc2010\Win32\Debug\TAppDecoderAnalyser.pdb
C:\MaggieBorn\MaggieExperiment\2nd Exp\HEVC\HM-16.18\build\\..\bin\vc2010\Win32\Debug\TAppDecoderAnalyser.exe
C:\MaggieBorn\MaggieExperiment\2nd Exp\HEVC\HM-16.18\build\\..\bin\vc2010\Win32\Debug\TAppDecoderAnalyser.ilk
