E:\HEVC\HM-16.18\BUILD\VC2012\WIN32\DEBUG\TLIBDECODER\ANNEXBREAD.OBJ
E:\HEVC\HM-16.18\BUILD\VC2012\WIN32\DEBUG\TLIBDECODER\HMENC.OBJ
E:\HEVC\HM-16.18\BUILD\VC2012\WIN32\DEBUG\TLIBDECODER\NALREAD.OBJ
E:\HEVC\HM-16.18\BUILD\VC2012\WIN32\DEBUG\TLIBDECODER\SEIREAD.OBJ
E:\HEVC\HM-16.18\BUILD\VC2012\WIN32\DEBUG\TLIBDECODER\SYNTAXELEMENTPARSER.OBJ
E:\HEVC\HM-16.18\BUILD\VC2012\WIN32\DEBUG\TLIBDECODER\TDECBINCODERCABAC.OBJ
E:\HEVC\HM-16.18\BUILD\VC2012\WIN32\DEBUG\TLIBDECODER\TDECCAVLC.OBJ
E:\HEVC\HM-16.18\BUILD\VC2012\WIN32\DEBUG\TLIBDECODER\TDECCONFORMANCE.OBJ
E:\HEVC\HM-16.18\BUILD\VC2012\WIN32\DEBUG\TLIBDECODER\TDECCU.OBJ
E:\HEVC\HM-16.18\BUILD\VC2012\WIN32\DEBUG\TLIBDECODER\TDECENTROPY.OBJ
E:\HEVC\HM-16.18\BUILD\VC2012\WIN32\DEBUG\TLIBDECODER\TDECGOP.OBJ
E:\HEVC\HM-16.18\BUILD\VC2012\WIN32\DEBUG\TLIBDECODER\TDECSBAC.OBJ
E:\HEVC\HM-16.18\BUILD\VC2012\WIN32\DEBUG\TLIBDECODER\TDECSLICE.OBJ
E:\HEVC\HM-16.18\BUILD\VC2012\WIN32\DEBUG\TLIBDECODER\TDECTOP.OBJ
E:\HEVC\HM-16.18\BUILD\VC2012\WIN32\DEBUG\TLIBDECODER\ENCNALOBJECT.OBJ
E:\HEVC\HM-16.18\BUILD\VC2012\WIN32\DEBUG\TLIBDECODER\VC110.PDB
E:\HEVC\HM-16.18\BUILD\VC2012\WIN32\DEBUG\TLIBDECODER\TLIBDECODER.LIB
E:\HEVC\HM-16.18\build\vc2012\Win32\Debug\TLibDecoder\AnnexBread.obj
E:\HEVC\HM-16.18\build\vc2012\Win32\Debug\TLibDecoder\EncNALObject.obj
E:\HEVC\HM-16.18\build\vc2012\Win32\Debug\TLibDecoder\HMEnc.obj
E:\HEVC\HM-16.18\build\vc2012\Win32\Debug\TLibDecoder\NALread.obj
E:\HEVC\HM-16.18\build\vc2012\Win32\Debug\TLibDecoder\SEIread.obj
E:\HEVC\HM-16.18\build\vc2012\Win32\Debug\TLibDecoder\SyntaxElementParser.obj
E:\HEVC\HM-16.18\build\vc2012\Win32\Debug\TLibDecoder\TDecBinCoderCABAC.obj
E:\HEVC\HM-16.18\build\vc2012\Win32\Debug\TLibDecoder\TDecCAVLC.obj
E:\HEVC\HM-16.18\build\vc2012\Win32\Debug\TLibDecoder\TDecConformance.obj
E:\HEVC\HM-16.18\build\vc2012\Win32\Debug\TLibDecoder\TDecCu.obj
E:\HEVC\HM-16.18\build\vc2012\Win32\Debug\TLibDecoder\TDecEntropy.obj
E:\HEVC\HM-16.18\build\vc2012\Win32\Debug\TLibDecoder\TDecGop.obj
E:\HEVC\HM-16.18\build\vc2012\Win32\Debug\TLibDecoder\TDecSbac.obj
E:\HEVC\HM-16.18\build\vc2012\Win32\Debug\TLibDecoder\TDecSlice.obj
E:\HEVC\HM-16.18\build\vc2012\Win32\Debug\TLibDecoder\TDecTop.obj
E:\HEVC\HM-16.18\build\vc2012\Win32\Debug\TLibDecoder\cl.command.1.tlog
E:\HEVC\HM-16.18\build\vc2012\Win32\Debug\TLibDecoder\CL.read.1.tlog
E:\HEVC\HM-16.18\build\vc2012\Win32\Debug\TLibDecoder\CL.write.1.tlog
E:\HEVC\HM-16.18\build\vc2012\Win32\Debug\TLibDecoder\Lib-link.read.1.tlog
E:\HEVC\HM-16.18\build\vc2012\Win32\Debug\TLibDecoder\Lib-link.write.1.tlog
E:\HEVC\HM-16.18\build\vc2012\Win32\Debug\TLibDecoder\lib.command.1.tlog
E:\HEVC\HM-16.18\build\vc2012\Win32\Debug\TLibDecoder\vc110.idb
E:\HEVC\HM-16.18\build\vc2012\Win32\Debug\TLibDecoder\vc110.pdb
E:\HEVC\HM-16.18\build\\vc2012\Win32\Debug\TLibDecoder\TLibDecoder.lib
