生成启动时间为 2019/1/13 22:11:04。
     1>项目“E:\HEVC\HM-16.18\build\vc2012\TLibDecoder_vc2012.vcxproj”在节点 2 上(Build 个目标)。
     1>InitializeBuildStatus:
         正在创建“E:\HEVC\HM-16.18\build\\vc2012\Win32\Debug\TLibDecoder\TLibDecoder.unsuccessfulbuild”，因为已指定“AlwaysCreate”。
       ClCompile:
         E:\VS2012\Microsoft Visual Studio 11.0\VC\bin\CL.exe /c /I"E:\HEVC\HM-16.18\source\OpenSSL\include" /I"E:\HEVC\HM-16.18\build\\..\source\Lib\\" /Zi /nologo /W3 /WX- /Od /Oy- /D WIN32 /D _DEBUG /D _LIB /D _CRT_SECURE_NO_WARNINGS /D _MBCS /Gm /EHsc /RTC1 /MTd /GS /fp:precise /Zc:wchar_t /Zc:forScope /Fo"E:\HEVC\HM-16.18\build\\vc2012\Win32\Debug\TLibDecoder\\" /Fd"E:\HEVC\HM-16.18\build\\vc2012\Win32\Debug\TLibDecoder\vc110.pdb" /Gd /TP /analyze- /errorReport:prompt ..\..\source\Lib\TLibDecoder\TDecSlice.cpp
         TDecSlice.cpp
       Lib:
         E:\VS2012\Microsoft Visual Studio 11.0\VC\bin\Lib.exe /OUT:"E:\HEVC\HM-16.18\build\\vc2012\Win32\Debug\TLibDecoder\TLibDecoder.lib" libeay32.lib ssleay32.lib /LIBPATH:"E:\HEVC\HM-16.18\source\OpenSSL\lib" /NOLOGO "E:\HEVC\HM-16.18\build\\vc2012\Win32\Debug\TLibDecoder\AnnexBread.obj"
         "E:\HEVC\HM-16.18\build\\vc2012\Win32\Debug\TLibDecoder\HMEnc.obj"
         "E:\HEVC\HM-16.18\build\\vc2012\Win32\Debug\TLibDecoder\NALread.obj"
         "E:\HEVC\HM-16.18\build\\vc2012\Win32\Debug\TLibDecoder\SEIread.obj"
         "E:\HEVC\HM-16.18\build\\vc2012\Win32\Debug\TLibDecoder\SyntaxElementParser.obj"
         "E:\HEVC\HM-16.18\build\\vc2012\Win32\Debug\TLibDecoder\TDecBinCoderCABAC.obj"
         "E:\HEVC\HM-16.18\build\\vc2012\Win32\Debug\TLibDecoder\TDecCAVLC.obj"
         "E:\HEVC\HM-16.18\build\\vc2012\Win32\Debug\TLibDecoder\TDecConformance.obj"
         "E:\HEVC\HM-16.18\build\\vc2012\Win32\Debug\TLibDecoder\TDecCu.obj"
         "E:\HEVC\HM-16.18\build\\vc2012\Win32\Debug\TLibDecoder\TDecEntropy.obj"
         "E:\HEVC\HM-16.18\build\\vc2012\Win32\Debug\TLibDecoder\TDecGop.obj"
         "E:\HEVC\HM-16.18\build\\vc2012\Win32\Debug\TLibDecoder\TDecSbac.obj"
         "E:\HEVC\HM-16.18\build\\vc2012\Win32\Debug\TLibDecoder\TDecSlice.obj"
         "E:\HEVC\HM-16.18\build\\vc2012\Win32\Debug\TLibDecoder\TDecTop.obj"
         "E:\HEVC\HM-16.18\build\\vc2012\Win32\Debug\TLibDecoder\EncNALObject.obj"
     1>ssleay32.lib(SSLEAY32.dll) : warning LNK4006: __NULL_IMPORT_DESCRIPTOR 已在 libeay32.lib(LIBEAY32.dll) 中定义；已忽略第二个定义
     1>ssleay32.lib(SSLEAY32.dll) : warning LNK4221: 此对象文件未定义任何之前未定义的公共符号，因此任何耗用此库的链接操作都不会使用此文件
         TLibDecoder_vc2012.vcxproj -> E:\HEVC\HM-16.18\build\\vc2012\Win32\Debug\TLibDecoder\TLibDecoder.lib
       FinalizeBuildStatus:
         正在删除文件“E:\HEVC\HM-16.18\build\\vc2012\Win32\Debug\TLibDecoder\TLibDecoder.unsuccessfulbuild”。
         正在对“E:\HEVC\HM-16.18\build\\vc2012\Win32\Debug\TLibDecoder\TLibDecoder.lastbuildstate”执行 Touch 任务。
     1>已完成生成项目“E:\HEVC\HM-16.18\build\vc2012\TLibDecoder_vc2012.vcxproj”(Build 个目标)的操作。

生成成功。

已用时间 00:00:10.23
