生成启动时间为 2019/1/3 16:23:33。
     1>项目“E:\HEVC\HM-16.18\build\vc2012\TAppDecoderAnalyser_vc2012.vcxproj”在节点 2 上(Build 个目标)。
     1>InitializeBuildStatus:
         正在对“E:\HEVC\HM-16.18\build\\vc2012\Win32\Debug\TAppDecoderAnalyser\TAppDecoderAnalyser.unsuccessfulbuild”执行 Touch 任务。
       ClCompile:
         E:\VS2012\Microsoft Visual Studio 11.0\VC\bin\CL.exe /c /I"E:\HEVC\HM-16.18\build\\..\source\Lib\\" /Zi /nologo /W3 /WX- /Od /Oy- /D WIN32 /D _DEBUG /D _CONSOLE /D _CRT_SECURE_NO_WARNINGS /D RExt__DECODER_DEBUG_BIT_STATISTICS=1 /D _MBCS /Gm /EHsc /RTC1 /MTd /GS /fp:precise /Zc:wchar_t /Zc:forScope /Fo"E:\HEVC\HM-16.18\build\\vc2012\Win32\Debug\TAppDecoderAnalyser\\" /Fd"E:\HEVC\HM-16.18\build\\vc2012\Win32\Debug\TAppDecoderAnalyser\vc110.pdb" /Gd /TP /analyze- /errorReport:prompt ..\..\source\App\TAppDecoder\decmain.cpp ..\..\source\App\TAppDecoder\TAppDecCfg.cpp ..\..\source\App\TAppDecoder\TAppDecTop.cpp
         TAppDecTop.cpp
         TAppDecCfg.cpp
         decmain.cpp
         正在生成代码...
       Link:
         E:\VS2012\Microsoft Visual Studio 11.0\VC\bin\link.exe /ERRORREPORT:PROMPT /OUT:"E:\HEVC\HM-16.18\build\\..\bin\vc2012\Win32\Debug\TAppDecoderAnalyser.exe" /INCREMENTAL /NOLOGO kernel32.lib user32.lib gdi32.lib winspool.lib comdlg32.lib advapi32.lib shell32.lib ole32.lib oleaut32.lib uuid.lib odbc32.lib odbccp32.lib /MANIFEST /MANIFESTUAC:"level='asInvoker' uiAccess='false'" /manifest:embed /DEBUG /PDB:"E:\HEVC\HM-16.18\build\\..\bin\vc2012\Win32\Debug\TAppDecoderAnalyser.pdb" /SUBSYSTEM:CONSOLE /TLBID:1 /DYNAMICBASE /NXCOMPAT /IMPLIB:"E:\HEVC\HM-16.18\build\\..\bin\vc2012\Win32\Debug\TAppDecoderAnalyser.lib" /MACHINE:X86 /SAFESEH "E:\HEVC\HM-16.18\build\\vc2012\Win32\Debug\TAppDecoderAnalyser\decmain.obj"
         "E:\HEVC\HM-16.18\build\\vc2012\Win32\Debug\TAppDecoderAnalyser\TAppDecCfg.obj"
         "E:\HEVC\HM-16.18\build\\vc2012\Win32\Debug\TAppDecoderAnalyser\TAppDecTop.obj"
         "E:\HEVC\HM-16.18\build\vc2012\Win32\Debug\TAppCommon\TAppCommon.lib"
         "E:\HEVC\HM-16.18\build\vc2012\Win32\Debug\TLibCommon\TLibCommon.lib"
         "E:\HEVC\HM-16.18\build\vc2012\Win32\Debug\TLibDecoderAnalyser\TLibDecoderAnalyser.lib"
         "E:\HEVC\HM-16.18\build\vc2012\Win32\Debug\TLibVideoIo\TLibVideoIO.lib"
     1>TAppDecTop.obj : error LNK2019: 无法解析的外部符号 "public: void __thiscall NALInfo::init(void)" (?init@NALInfo@@QAEXXZ)，该符号在函数 "public: void __thiscall TAppDecTop::decode(void)" (?decode@TAppDecTop@@QAEXXZ) 中被引用
     1>TAppDecTop.obj : error LNK2019: 无法解析的外部符号 "public: void __thiscall NALInfo::ComputeChunkInFileOffset(struct AnnexBStats)" (?ComputeChunkInFileOffset@NALInfo@@QAEXUAnnexBStats@@@Z)，该符号在函数 "public: void __thiscall TAppDecTop::decode(void)" (?decode@TAppDecTop@@QAEXXZ) 中被引用
     1>TAppDecTop.obj : error LNK2019: 无法解析的外部符号 "public: void __thiscall NALInfo::ComputeNALHeaderInFileOffset(struct AnnexBStats)" (?ComputeNALHeaderInFileOffset@NALInfo@@QAEXUAnnexBStats@@@Z)，该符号在函数 "public: void __thiscall TAppDecTop::decode(void)" (?decode@TAppDecTop@@QAEXXZ) 中被引用
     1>TAppDecTop.obj : error LNK2019: 无法解析的外部符号 "public: void __thiscall NALInfo::InitMyfifoIdx(void)" (?InitMyfifoIdx@NALInfo@@QAEXXZ)，该符号在函数 "public: void __thiscall TAppDecTop::decode(void)" (?decode@TAppDecTop@@QAEXXZ) 中被引用
     1>TAppDecTop.obj : error LNK2019: 无法解析的外部符号 "public: void __thiscall NALInfo::DeletePUTable(void)" (?DeletePUTable@NALInfo@@QAEXXZ)，该符号在函数 "public: void __thiscall TAppDecTop::decode(void)" (?decode@TAppDecTop@@QAEXXZ) 中被引用
     1>TAppDecTop.obj : error LNK2019: 无法解析的外部符号 "public: void __thiscall NALInfo::SetSpatEffTable(void)" (?SetSpatEffTable@NALInfo@@QAEXXZ)，该符号在函数 "public: void __thiscall TAppDecTop::decode(void)" (?decode@TAppDecTop@@QAEXXZ) 中被引用
     1>TAppDecTop.obj : error LNK2019: 无法解析的外部符号 "public: void __thiscall NALInfo::DeleteSpatEffTable(void)" (?DeleteSpatEffTable@NALInfo@@QAEXXZ)，该符号在函数 "public: void __thiscall TAppDecTop::decode(void)" (?decode@TAppDecTop@@QAEXXZ) 中被引用
     1>TLibDecoderAnalyser.lib(TDecSbac.obj) : error LNK2001: 无法解析的外部符号 "class NALInfo RyanNALUEnc" (?RyanNALUEnc@@3VNALInfo@@A)
     1>TLibDecoderAnalyser.lib(TDecSlice.obj) : error LNK2001: 无法解析的外部符号 "class NALInfo RyanNALUEnc" (?RyanNALUEnc@@3VNALInfo@@A)
     1>TAppDecTop.obj : error LNK2001: 无法解析的外部符号 "class NALInfo RyanNALUEnc" (?RyanNALUEnc@@3VNALInfo@@A)
     1>TLibDecoderAnalyser.lib(TDecTop.obj) : error LNK2001: 无法解析的外部符号 "class NALInfo RyanNALUEnc" (?RyanNALUEnc@@3VNALInfo@@A)
     1>TLibDecoderAnalyser.lib(TDecEntropy.obj) : error LNK2001: 无法解析的外部符号 "class NALInfo RyanNALUEnc" (?RyanNALUEnc@@3VNALInfo@@A)
     1>TLibDecoderAnalyser.lib(TDecCu.obj) : error LNK2001: 无法解析的外部符号 "class NALInfo RyanNALUEnc" (?RyanNALUEnc@@3VNALInfo@@A)
     1>TLibDecoderAnalyser.lib(TDecTop.obj) : error LNK2019: 无法解析的外部符号 "public: void __thiscall NALInfo::ComputeSliceHeaderOffset(int)" (?ComputeSliceHeaderOffset@NALInfo@@QAEXH@Z)，该符号在函数 "protected: bool __thiscall TDecTop::xDecodeSlice(class InputNALUnit &,int &,int)" (?xDecodeSlice@TDecTop@@IAE_NAAVInputNALUnit@@AAHH@Z) 中被引用
     1>TLibDecoderAnalyser.lib(TDecTop.obj) : error LNK2019: 无法解析的外部符号 "public: void __thiscall NALInfo::InitPUTable(void)" (?InitPUTable@NALInfo@@QAEXXZ)，该符号在函数 "protected: void __thiscall TDecTop::xActivateParameterSets(void)" (?xActivateParameterSets@TDecTop@@IAEXXZ) 中被引用
     1>TLibDecoderAnalyser.lib(TDecEntropy.obj) : error LNK2019: 无法解析的外部符号 "public: void __thiscall NALInfo::ComputeSplitFlagOffset(int,int,int)" (?ComputeSplitFlagOffset@NALInfo@@QAEXHHH@Z)，该符号在函数 "public: void __thiscall TDecEntropy::decodeSplitFlag(class TComDataCU *,unsigned int,unsigned int)" (?decodeSplitFlag@TDecEntropy@@QAEXPAVTComDataCU@@II@Z) 中被引用
     1>TLibDecoderAnalyser.lib(TDecEntropy.obj) : error LNK2019: 无法解析的外部符号 "public: void __thiscall NALInfo::ComputeSkipFlagOffset(int,int,int)" (?ComputeSkipFlagOffset@NALInfo@@QAEXHHH@Z)，该符号在函数 "public: void __thiscall TDecEntropy::decodeSkipFlag(class TComDataCU *,unsigned int,unsigned int)" (?decodeSkipFlag@TDecEntropy@@QAEXPAVTComDataCU@@II@Z) 中被引用
     1>TLibDecoderAnalyser.lib(TDecEntropy.obj) : error LNK2019: 无法解析的外部符号 "public: void __thiscall NALInfo::ComputeMergeIndexOffset(int,int,int)" (?ComputeMergeIndexOffset@NALInfo@@QAEXHHH@Z)，该符号在函数 "public: void __thiscall TDecEntropy::decodeMergeIndex(class TComDataCU *,unsigned int,unsigned int,unsigned int)" (?decodeMergeIndex@TDecEntropy@@QAEXPAVTComDataCU@@III@Z) 中被引用
     1>TLibDecoderAnalyser.lib(TDecEntropy.obj) : error LNK2019: 无法解析的外部符号 "public: void __thiscall NALInfo::ComputePredModeOffset(int,int,int)" (?ComputePredModeOffset@NALInfo@@QAEXHHH@Z)，该符号在函数 "public: void __thiscall TDecEntropy::decodePredMode(class TComDataCU *,unsigned int,unsigned int)" (?decodePredMode@TDecEntropy@@QAEXPAVTComDataCU@@II@Z) 中被引用
     1>TLibDecoderAnalyser.lib(TDecEntropy.obj) : error LNK2019: 无法解析的外部符号 "public: void __thiscall NALInfo::ComputePartSizeOffset(int,int,int)" (?ComputePartSizeOffset@NALInfo@@QAEXHHH@Z)，该符号在函数 "public: void __thiscall TDecEntropy::decodePartSize(class TComDataCU *,unsigned int,unsigned int)" (?decodePartSize@TDecEntropy@@QAEXPAVTComDataCU@@II@Z) 中被引用
     1>TLibDecoderAnalyser.lib(TDecEntropy.obj) : error LNK2019: 无法解析的外部符号 "public: void __thiscall NALInfo::ComputeIPCMOffset(int,int,int)" (?ComputeIPCMOffset@NALInfo@@QAEXHHH@Z)，该符号在函数 "public: void __thiscall TDecEntropy::decodeIPCMInfo(class TComDataCU *,unsigned int,unsigned int)" (?decodeIPCMInfo@TDecEntropy@@QAEXPAVTComDataCU@@II@Z) 中被引用
     1>TLibDecoderAnalyser.lib(TDecEntropy.obj) : error LNK2019: 无法解析的外部符号 "public: void __thiscall NALInfo::ComputeIntraLumaPredOffset(int,int,int)" (?ComputeIntraLumaPredOffset@NALInfo@@QAEXHHH@Z)，该符号在函数 "public: void __thiscall TDecEntropy::decodeIntraDirModeLuma(class TComDataCU *,unsigned int,unsigned int)" (?decodeIntraDirModeLuma@TDecEntropy@@QAEXPAVTComDataCU@@II@Z) 中被引用
     1>TLibDecoderAnalyser.lib(TDecEntropy.obj) : error LNK2019: 无法解析的外部符号 "public: void __thiscall NALInfo::ComputeIntraChromaPredOffset(int,int,int)" (?ComputeIntraChromaPredOffset@NALInfo@@QAEXHHH@Z)，该符号在函数 "public: void __thiscall TDecEntropy::decodeIntraDirModeChroma(class TComDataCU *,unsigned int,unsigned int)" (?decodeIntraDirModeChroma@TDecEntropy@@QAEXPAVTComDataCU@@II@Z) 中被引用
     1>TLibDecoderAnalyser.lib(TDecEntropy.obj) : error LNK2019: 无法解析的外部符号 "public: void __thiscall NALInfo::ComputeMergeFlagOffset(int,int,int)" (?ComputeMergeFlagOffset@NALInfo@@QAEXHHH@Z)，该符号在函数 "public: void __thiscall TDecEntropy::decodeMergeFlag(class TComDataCU *,unsigned int,unsigned int,unsigned int)" (?decodeMergeFlag@TDecEntropy@@QAEXPAVTComDataCU@@III@Z) 中被引用
     1>TLibDecoderAnalyser.lib(TDecEntropy.obj) : error LNK2019: 无法解析的外部符号 "public: void __thiscall NALInfo::ComputeInterDirPUOffset(int,int,int)" (?ComputeInterDirPUOffset@NALInfo@@QAEXHHH@Z)，该符号在函数 "public: void __thiscall TDecEntropy::decodeInterDirPU(class TComDataCU *,unsigned int,unsigned int,unsigned int)" (?decodeInterDirPU@TDecEntropy@@QAEXPAVTComDataCU@@III@Z) 中被引用
     1>TLibDecoderAnalyser.lib(TDecEntropy.obj) : error LNK2019: 无法解析的外部符号 "public: void __thiscall NALInfo::ComputeRefFrameIdxOffset(int,int,int)" (?ComputeRefFrameIdxOffset@NALInfo@@QAEXHHH@Z)，该符号在函数 "public: void __thiscall TDecEntropy::decodeRefFrmIdxPU(class TComDataCU *,unsigned int,unsigned int,unsigned int,enum RefPicList)" (?decodeRefFrmIdxPU@TDecEntropy@@QAEXPAVTComDataCU@@IIIW4RefPicList@@@Z) 中被引用
     1>TLibDecoderAnalyser.lib(TDecEntropy.obj) : error LNK2019: 无法解析的外部符号 "public: void __thiscall NALInfo::ComputeMVDPUOffset(int,int,int)" (?ComputeMVDPUOffset@NALInfo@@QAEXHHH@Z)，该符号在函数 "public: void __thiscall TDecEntropy::decodeMvdPU(class TComDataCU *,unsigned int,unsigned int,unsigned int,enum RefPicList)" (?decodeMvdPU@TDecEntropy@@QAEXPAVTComDataCU@@IIIW4RefPicList@@@Z) 中被引用
     1>TLibDecoderAnalyser.lib(TDecEntropy.obj) : error LNK2019: 无法解析的外部符号 "public: void __thiscall NALInfo::ComputeMVPIdxOffset(int,int,int)" (?ComputeMVPIdxOffset@NALInfo@@QAEXHHH@Z)，该符号在函数 "public: void __thiscall TDecEntropy::decodeMVPIdxPU(class TComDataCU *,unsigned int,unsigned int,unsigned int,enum RefPicList)" (?decodeMVPIdxPU@TDecEntropy@@QAEXPAVTComDataCU@@IIIW4RefPicList@@@Z) 中被引用
     1>TLibDecoderAnalyser.lib(TDecEntropy.obj) : error LNK2019: 无法解析的外部符号 "public: void __thiscall NALInfo::ComputeTransquantBypassFlagOffset(int,int,int)" (?ComputeTransquantBypassFlagOffset@NALInfo@@QAEXHHH@Z)，该符号在函数 "public: void __thiscall TDecEntropy::decodeCUTransquantBypassFlag(class TComDataCU *,unsigned int,unsigned int)" (?decodeCUTransquantBypassFlag@TDecEntropy@@QAEXPAVTComDataCU@@II@Z) 中被引用
     1>TLibDecoderAnalyser.lib(TDecCu.obj) : error LNK2019: 无法解析的外部符号 "public: void __thiscall NALInfo::ComputeFinishDecodeCUOffset(int,int,int)" (?ComputeFinishDecodeCUOffset@NALInfo@@QAEXHHH@Z)，该符号在函数 "protected: void __thiscall TDecCu::xDecodeCU(class TComDataCU * const,unsigned int,unsigned int,bool &)" (?xDecodeCU@TDecCu@@IAEXQAVTComDataCU@@IIAA_N@Z) 中被引用
     1>TLibDecoderAnalyser.lib(TDecCu.obj) : error LNK2019: 无法解析的外部符号 "public: void __thiscall NALInfo::ComputeCoeffOffset(int,int,int)" (?ComputeCoeffOffset@NALInfo@@QAEXHHH@Z)，该符号在函数 "protected: void __thiscall TDecCu::xDecodeCU(class TComDataCU * const,unsigned int,unsigned int,bool &)" (?xDecodeCU@TDecCu@@IAEXQAVTComDataCU@@IIAA_N@Z) 中被引用
     1>TLibDecoderAnalyser.lib(TDecSlice.obj) : error LNK2019: 无法解析的外部符号 "public: void __thiscall NALInfo::ComputeSAOOffset(int,int,int)" (?ComputeSAOOffset@NALInfo@@QAEXHHH@Z)，该符号在函数 "public: void __thiscall TDecSlice::decompressSlice(class TComInputBitstream * *,class TComPic *,class TDecSbac *)" (?decompressSlice@TDecSlice@@QAEXPAPAVTComInputBitstream@@PAVTComPic@@PAVTDecSbac@@@Z) 中被引用
     1>TLibDecoderAnalyser.lib(TDecSlice.obj) : error LNK2019: 无法解析的外部符号 "public: void __thiscall NALInfo::ModelCalcute(enum SliceType)" (?ModelCalcute@NALInfo@@QAEXW4SliceType@@@Z)，该符号在函数 "public: void __thiscall TDecSlice::decompressSlice(class TComInputBitstream * *,class TComPic *,class TDecSbac *)" (?decompressSlice@TDecSlice@@QAEXPAPAVTComInputBitstream@@PAVTComPic@@PAVTDecSbac@@@Z) 中被引用
     1>TLibDecoderAnalyser.lib(TDecSlice.obj) : error LNK2019: 无法解析的外部符号 "public: void __thiscall NALInfo::EncSlice(class std::basic_string<char,struct std::char_traits<char>,class std::allocator<char> >)" (?EncSlice@NALInfo@@QAEXV?$basic_string@DU?$char_traits@D@std@@V?$allocator@D@2@@std@@@Z)，该符号在函数 "public: void __thiscall TDecSlice::decompressSlice(class TComInputBitstream * *,class TComPic *,class TDecSbac *)" (?decompressSlice@TDecSlice@@QAEXPAPAVTComInputBitstream@@PAVTComPic@@PAVTDecSbac@@@Z) 中被引用
     1>E:\HEVC\HM-16.18\build\\..\bin\vc2012\Win32\Debug\TAppDecoderAnalyser.exe : fatal error LNK1120: 29 个无法解析的外部命令
     1>已完成生成项目“E:\HEVC\HM-16.18\build\vc2012\TAppDecoderAnalyser_vc2012.vcxproj”(Build 个目标)的操作 - 失败。

生成失败。

已用时间 00:00:13.39
