E:\HEVC\HM-16.18\BUILD\VC2012\WIN32\DEBUG\TAPPDECODERANALYSER\DECMAIN.OBJ
E:\HEVC\HM-16.18\BUILD\VC2012\WIN32\DEBUG\TAPPDECODERANALYSER\TAPPDECCFG.OBJ
E:\HEVC\HM-16.18\BUILD\VC2012\WIN32\DEBUG\TAPPDECODERANALYSER\TAPPDECTOP.OBJ
E:\HEVC\HM-16.18\BUILD\VC2012\WIN32\DEBUG\TAPPDECODERANALYSER\VC110.PDB
E:\HEVC\HM-16.18\build\vc2012\Win32\Debug\TAppDecoderAnalyser\decmain.obj
E:\HEVC\HM-16.18\build\vc2012\Win32\Debug\TAppDecoderAnalyser\TAppDecCfg.obj
E:\HEVC\HM-16.18\build\vc2012\Win32\Debug\TAppDecoderAnalyser\TAppDecTop.obj
E:\HEVC\HM-16.18\build\vc2012\Win32\Debug\TAppDecoderAnalyser\cl.command.1.tlog
E:\HEVC\HM-16.18\build\vc2012\Win32\Debug\TAppDecoderAnalyser\CL.read.1.tlog
E:\HEVC\HM-16.18\build\vc2012\Win32\Debug\TAppDecoderAnalyser\CL.write.1.tlog
E:\HEVC\HM-16.18\build\vc2012\Win32\Debug\TAppDecoderAnalyser\link-cvtres.read.1.tlog
E:\HEVC\HM-16.18\build\vc2012\Win32\Debug\TAppDecoderAnalyser\link-cvtres.write.1.tlog
E:\HEVC\HM-16.18\build\vc2012\Win32\Debug\TAppDecoderAnalyser\link-rc.read.1.tlog
E:\HEVC\HM-16.18\build\vc2012\Win32\Debug\TAppDecoderAnalyser\link-rc.write.1.tlog
E:\HEVC\HM-16.18\build\vc2012\Win32\Debug\TAppDecoderAnalyser\link.command.1.tlog
E:\HEVC\HM-16.18\build\vc2012\Win32\Debug\TAppDecoderAnalyser\link.read.1.tlog
E:\HEVC\HM-16.18\build\vc2012\Win32\Debug\TAppDecoderAnalyser\link.write.1.tlog
E:\HEVC\HM-16.18\build\vc2012\Win32\Debug\TAppDecoderAnalyser\vc110.idb
E:\HEVC\HM-16.18\build\vc2012\Win32\Debug\TAppDecoderAnalyser\vc110.pdb
E:\HEVC\HM-16.18\build\\..\bin\vc2012\Win32\Debug\TAppDecoderAnalyser.pdb
