E:\HEVC\HM-16.18\BUILD\VC2012\WIN32\RELEASE\TLIBENCODER\WEIGHTPREDANALYSIS.OBJ
E:\HEVC\HM-16.18\BUILD\VC2012\WIN32\RELEASE\TLIBENCODER\TENCTOP.OBJ
E:\HEVC\HM-16.18\BUILD\VC2012\WIN32\RELEASE\TLIBENCODER\TENCSLICE.OBJ
E:\HEVC\HM-16.18\BUILD\VC2012\WIN32\RELEASE\TLIBENCODER\TENCSEARCH.OBJ
E:\HEVC\HM-16.18\BUILD\VC2012\WIN32\RELEASE\TLIBENCODER\TENCSBAC.OBJ
E:\HEVC\HM-16.18\BUILD\VC2012\WIN32\RELEASE\TLIBENCODER\TENCSAMPLEADAPTIVEOFFSET.OBJ
E:\HEVC\HM-16.18\BUILD\VC2012\WIN32\RELEASE\TLIBENCODER\TENCRATECTRL.OBJ
E:\HEVC\HM-16.18\BUILD\VC2012\WIN32\RELEASE\TLIBENCODER\TENCPREANALYZER.OBJ
E:\HEVC\HM-16.18\BUILD\VC2012\WIN32\RELEASE\TLIBENCODER\TENCPIC.OBJ
E:\HEVC\HM-16.18\BUILD\VC2012\WIN32\RELEASE\TLIBENCODER\TENCGOP.OBJ
E:\HEVC\HM-16.18\BUILD\VC2012\WIN32\RELEASE\TLIBENCODER\TENCENTROPY.OBJ
E:\HEVC\HM-16.18\BUILD\VC2012\WIN32\RELEASE\TLIBENCODER\TENCCU.OBJ
E:\HEVC\HM-16.18\BUILD\VC2012\WIN32\RELEASE\TLIBENCODER\TENCCAVLC.OBJ
E:\HEVC\HM-16.18\BUILD\VC2012\WIN32\RELEASE\TLIBENCODER\TENCBINCODERCABACCOUNTER.OBJ
E:\HEVC\HM-16.18\BUILD\VC2012\WIN32\RELEASE\TLIBENCODER\TENCBINCODERCABAC.OBJ
E:\HEVC\HM-16.18\BUILD\VC2012\WIN32\RELEASE\TLIBENCODER\SYNTAXELEMENTWRITER.OBJ
E:\HEVC\HM-16.18\BUILD\VC2012\WIN32\RELEASE\TLIBENCODER\SEIWRITE.OBJ
E:\HEVC\HM-16.18\BUILD\VC2012\WIN32\RELEASE\TLIBENCODER\SEIENCODER.OBJ
E:\HEVC\HM-16.18\BUILD\VC2012\WIN32\RELEASE\TLIBENCODER\NALWRITE.OBJ
E:\HEVC\HM-16.18\BUILD\VC2012\WIN32\RELEASE\TLIBENCODER\VC110.PDB
E:\HEVC\HM-16.18\BUILD\VC2012\WIN32\RELEASE\TLIBENCODER\TLIBENCODER.LIB
E:\HEVC\HM-16.18\build\vc2012\Win32\Release\TLibEncoder\NALwrite.obj
E:\HEVC\HM-16.18\build\vc2012\Win32\Release\TLibEncoder\SEIEncoder.obj
E:\HEVC\HM-16.18\build\vc2012\Win32\Release\TLibEncoder\SEIwrite.obj
E:\HEVC\HM-16.18\build\vc2012\Win32\Release\TLibEncoder\SyntaxElementWriter.obj
E:\HEVC\HM-16.18\build\vc2012\Win32\Release\TLibEncoder\TEncBinCoderCABAC.obj
E:\HEVC\HM-16.18\build\vc2012\Win32\Release\TLibEncoder\TEncBinCoderCABACCounter.obj
E:\HEVC\HM-16.18\build\vc2012\Win32\Release\TLibEncoder\TEncCavlc.obj
E:\HEVC\HM-16.18\build\vc2012\Win32\Release\TLibEncoder\TEncCu.obj
E:\HEVC\HM-16.18\build\vc2012\Win32\Release\TLibEncoder\TEncEntropy.obj
E:\HEVC\HM-16.18\build\vc2012\Win32\Release\TLibEncoder\TEncGOP.obj
E:\HEVC\HM-16.18\build\vc2012\Win32\Release\TLibEncoder\TEncPic.obj
E:\HEVC\HM-16.18\build\vc2012\Win32\Release\TLibEncoder\TEncPreanalyzer.obj
E:\HEVC\HM-16.18\build\vc2012\Win32\Release\TLibEncoder\TEncRateCtrl.obj
E:\HEVC\HM-16.18\build\vc2012\Win32\Release\TLibEncoder\TEncSampleAdaptiveOffset.obj
E:\HEVC\HM-16.18\build\vc2012\Win32\Release\TLibEncoder\TEncSbac.obj
E:\HEVC\HM-16.18\build\vc2012\Win32\Release\TLibEncoder\TEncSearch.obj
E:\HEVC\HM-16.18\build\vc2012\Win32\Release\TLibEncoder\TEncSlice.obj
E:\HEVC\HM-16.18\build\vc2012\Win32\Release\TLibEncoder\TEncTop.obj
E:\HEVC\HM-16.18\build\vc2012\Win32\Release\TLibEncoder\WeightPredAnalysis.obj
E:\HEVC\HM-16.18\build\vc2012\Win32\Release\TLibEncoder\cl.command.1.tlog
E:\HEVC\HM-16.18\build\vc2012\Win32\Release\TLibEncoder\CL.read.1.tlog
E:\HEVC\HM-16.18\build\vc2012\Win32\Release\TLibEncoder\CL.write.1.tlog
E:\HEVC\HM-16.18\build\vc2012\Win32\Release\TLibEncoder\Lib-link.read.1.tlog
E:\HEVC\HM-16.18\build\vc2012\Win32\Release\TLibEncoder\Lib-link.write.1.tlog
E:\HEVC\HM-16.18\build\vc2012\Win32\Release\TLibEncoder\lib.command.1.tlog
E:\HEVC\HM-16.18\build\vc2012\Win32\Release\TLibEncoder\vc110.pdb
E:\HEVC\HM-16.18\build\\vc2012\Win32\Release\TLibEncoder\TLibEncoder.lib
