E:\HEVC\HM-16.18\BUILD\VC2012\WIN32\RELEASE\TAPPENCODER\TAPPENCTOP.OBJ
E:\HEVC\HM-16.18\BUILD\VC2012\WIN32\RELEASE\TAPPENCODER\TAPPENCCFG.OBJ
E:\HEVC\HM-16.18\BUILD\VC2012\WIN32\RELEASE\TAPPENCODER\ENCMAIN.OBJ
E:\HEVC\HM-16.18\BUILD\VC2012\WIN32\RELEASE\TAPPENCODER\VC110.PDB
E:\HEVC\HM-16.18\BIN\VC2012\WIN32\RELEASE\TAPPENCODER.EXE
E:\HEVC\HM-16.18\BIN\VC2012\WIN32\RELEASE\TAPPENCODER.PDB
E:\HEVC\HM-16.18\build\vc2012\Win32\Release\TAppEncoder\encmain.obj
E:\HEVC\HM-16.18\build\vc2012\Win32\Release\TAppEncoder\TAppEncCfg.obj
E:\HEVC\HM-16.18\build\vc2012\Win32\Release\TAppEncoder\TAppEncTop.obj
E:\HEVC\HM-16.18\build\vc2012\Win32\Release\TAppEncoder\cl.command.1.tlog
E:\HEVC\HM-16.18\build\vc2012\Win32\Release\TAppEncoder\CL.read.1.tlog
E:\HEVC\HM-16.18\build\vc2012\Win32\Release\TAppEncoder\CL.write.1.tlog
E:\HEVC\HM-16.18\build\vc2012\Win32\Release\TAppEncoder\link-cvtres.read.1.tlog
E:\HEVC\HM-16.18\build\vc2012\Win32\Release\TAppEncoder\link-cvtres.write.1.tlog
E:\HEVC\HM-16.18\build\vc2012\Win32\Release\TAppEncoder\link-rc.read.1.tlog
E:\HEVC\HM-16.18\build\vc2012\Win32\Release\TAppEncoder\link-rc.write.1.tlog
E:\HEVC\HM-16.18\build\vc2012\Win32\Release\TAppEncoder\link.command.1.tlog
E:\HEVC\HM-16.18\build\vc2012\Win32\Release\TAppEncoder\link.read.1.tlog
E:\HEVC\HM-16.18\build\vc2012\Win32\Release\TAppEncoder\link.write.1.tlog
E:\HEVC\HM-16.18\build\vc2012\Win32\Release\TAppEncoder\vc110.pdb
E:\HEVC\HM-16.18\build\\..\bin\vc2012\Win32\Release\TAppEncoder.pdb
E:\HEVC\HM-16.18\build\\..\bin\vc2012\Win32\Release\TAppEncoder.exe
