C:\MAGGIEBORN\MAGGIEEXPERIMENT\2ND EXP\HEVC\HM-16.18\BUILD\VC2010\WIN32\DEBUG\TLIBENCODER\NALWRITE.OBJ
C:\MAGGIEBORN\MAGGIEEXPERIMENT\2ND EXP\HEVC\HM-16.18\BUILD\VC2010\WIN32\DEBUG\TLIBENCODER\SEIENCODER.OBJ
C:\MAGGIEBORN\MAGGIEEXPERIMENT\2ND EXP\HEVC\HM-16.18\BUILD\VC2010\WIN32\DEBUG\TLIBENCODER\SEIWRITE.OBJ
C:\MAGGIEBORN\MAGGIEEXPERIMENT\2ND EXP\HEVC\HM-16.18\BUILD\VC2010\WIN32\DEBUG\TLIBENCODER\SYNTAXELEMENTWRITER.OBJ
C:\MAGGIEBORN\MAGGIEEXPERIMENT\2ND EXP\HEVC\HM-16.18\BUILD\VC2010\WIN32\DEBUG\TLIBENCODER\TENCBINCODERCABAC.OBJ
C:\MAGGIEBORN\MAGGIEEXPERIMENT\2ND EXP\HEVC\HM-16.18\BUILD\VC2010\WIN32\DEBUG\TLIBENCODER\TENCBINCODERCABACCOUNTER.OBJ
C:\MAGGIEBORN\MAGGIEEXPERIMENT\2ND EXP\HEVC\HM-16.18\BUILD\VC2010\WIN32\DEBUG\TLIBENCODER\TENCCAVLC.OBJ
C:\MAGGIEBORN\MAGGIEEXPERIMENT\2ND EXP\HEVC\HM-16.18\BUILD\VC2010\WIN32\DEBUG\TLIBENCODER\TENCCU.OBJ
C:\MAGGIEBORN\MAGGIEEXPERIMENT\2ND EXP\HEVC\HM-16.18\BUILD\VC2010\WIN32\DEBUG\TLIBENCODER\TENCENTROPY.OBJ
C:\MAGGIEBORN\MAGGIEEXPERIMENT\2ND EXP\HEVC\HM-16.18\BUILD\VC2010\WIN32\DEBUG\TLIBENCODER\TENCGOP.OBJ
C:\MAGGIEBORN\MAGGIEEXPERIMENT\2ND EXP\HEVC\HM-16.18\BUILD\VC2010\WIN32\DEBUG\TLIBENCODER\TENCPIC.OBJ
C:\MAGGIEBORN\MAGGIEEXPERIMENT\2ND EXP\HEVC\HM-16.18\BUILD\VC2010\WIN32\DEBUG\TLIBENCODER\TENCPREANALYZER.OBJ
C:\MAGGIEBORN\MAGGIEEXPERIMENT\2ND EXP\HEVC\HM-16.18\BUILD\VC2010\WIN32\DEBUG\TLIBENCODER\TENCRATECTRL.OBJ
C:\MAGGIEBORN\MAGGIEEXPERIMENT\2ND EXP\HEVC\HM-16.18\BUILD\VC2010\WIN32\DEBUG\TLIBENCODER\TENCSAMPLEADAPTIVEOFFSET.OBJ
C:\MAGGIEBORN\MAGGIEEXPERIMENT\2ND EXP\HEVC\HM-16.18\BUILD\VC2010\WIN32\DEBUG\TLIBENCODER\TENCSBAC.OBJ
C:\MAGGIEBORN\MAGGIEEXPERIMENT\2ND EXP\HEVC\HM-16.18\BUILD\VC2010\WIN32\DEBUG\TLIBENCODER\TENCSEARCH.OBJ
C:\MAGGIEBORN\MAGGIEEXPERIMENT\2ND EXP\HEVC\HM-16.18\BUILD\VC2010\WIN32\DEBUG\TLIBENCODER\TENCSLICE.OBJ
C:\MAGGIEBORN\MAGGIEEXPERIMENT\2ND EXP\HEVC\HM-16.18\BUILD\VC2010\WIN32\DEBUG\TLIBENCODER\TENCTOP.OBJ
C:\MAGGIEBORN\MAGGIEEXPERIMENT\2ND EXP\HEVC\HM-16.18\BUILD\VC2010\WIN32\DEBUG\TLIBENCODER\WEIGHTPREDANALYSIS.OBJ
C:\MAGGIEBORN\MAGGIEEXPERIMENT\2ND EXP\HEVC\HM-16.18\BUILD\VC2010\WIN32\DEBUG\TLIBENCODER\VC110.PDB
C:\MAGGIEBORN\MAGGIEEXPERIMENT\2ND EXP\HEVC\HM-16.18\BUILD\VC2010\WIN32\DEBUG\TLIBENCODER\TLIBENCODER.LIB
C:\MaggieBorn\MaggieExperiment\2nd Exp\HEVC\HM-16.18\build\vc2010\Win32\Debug\TLibEncoder\NALwrite.obj
C:\MaggieBorn\MaggieExperiment\2nd Exp\HEVC\HM-16.18\build\vc2010\Win32\Debug\TLibEncoder\SEIEncoder.obj
C:\MaggieBorn\MaggieExperiment\2nd Exp\HEVC\HM-16.18\build\vc2010\Win32\Debug\TLibEncoder\SEIwrite.obj
C:\MaggieBorn\MaggieExperiment\2nd Exp\HEVC\HM-16.18\build\vc2010\Win32\Debug\TLibEncoder\SyntaxElementWriter.obj
C:\MaggieBorn\MaggieExperiment\2nd Exp\HEVC\HM-16.18\build\vc2010\Win32\Debug\TLibEncoder\TEncBinCoderCABAC.obj
C:\MaggieBorn\MaggieExperiment\2nd Exp\HEVC\HM-16.18\build\vc2010\Win32\Debug\TLibEncoder\TEncBinCoderCABACCounter.obj
C:\MaggieBorn\MaggieExperiment\2nd Exp\HEVC\HM-16.18\build\vc2010\Win32\Debug\TLibEncoder\TEncCavlc.obj
C:\MaggieBorn\MaggieExperiment\2nd Exp\HEVC\HM-16.18\build\vc2010\Win32\Debug\TLibEncoder\TEncCu.obj
C:\MaggieBorn\MaggieExperiment\2nd Exp\HEVC\HM-16.18\build\vc2010\Win32\Debug\TLibEncoder\TEncEntropy.obj
C:\MaggieBorn\MaggieExperiment\2nd Exp\HEVC\HM-16.18\build\vc2010\Win32\Debug\TLibEncoder\TEncGOP.obj
C:\MaggieBorn\MaggieExperiment\2nd Exp\HEVC\HM-16.18\build\vc2010\Win32\Debug\TLibEncoder\TEncPic.obj
C:\MaggieBorn\MaggieExperiment\2nd Exp\HEVC\HM-16.18\build\vc2010\Win32\Debug\TLibEncoder\TEncPreanalyzer.obj
C:\MaggieBorn\MaggieExperiment\2nd Exp\HEVC\HM-16.18\build\vc2010\Win32\Debug\TLibEncoder\TEncRateCtrl.obj
C:\MaggieBorn\MaggieExperiment\2nd Exp\HEVC\HM-16.18\build\vc2010\Win32\Debug\TLibEncoder\TEncSampleAdaptiveOffset.obj
C:\MaggieBorn\MaggieExperiment\2nd Exp\HEVC\HM-16.18\build\vc2010\Win32\Debug\TLibEncoder\TEncSbac.obj
C:\MaggieBorn\MaggieExperiment\2nd Exp\HEVC\HM-16.18\build\vc2010\Win32\Debug\TLibEncoder\TEncSearch.obj
C:\MaggieBorn\MaggieExperiment\2nd Exp\HEVC\HM-16.18\build\vc2010\Win32\Debug\TLibEncoder\TEncSlice.obj
C:\MaggieBorn\MaggieExperiment\2nd Exp\HEVC\HM-16.18\build\vc2010\Win32\Debug\TLibEncoder\TEncTop.obj
C:\MaggieBorn\MaggieExperiment\2nd Exp\HEVC\HM-16.18\build\vc2010\Win32\Debug\TLibEncoder\WeightPredAnalysis.obj
C:\MaggieBorn\MaggieExperiment\2nd Exp\HEVC\HM-16.18\build\vc2010\Win32\Debug\TLibEncoder\cl.command.1.tlog
C:\MaggieBorn\MaggieExperiment\2nd Exp\HEVC\HM-16.18\build\vc2010\Win32\Debug\TLibEncoder\CL.read.1.tlog
C:\MaggieBorn\MaggieExperiment\2nd Exp\HEVC\HM-16.18\build\vc2010\Win32\Debug\TLibEncoder\CL.write.1.tlog
C:\MaggieBorn\MaggieExperiment\2nd Exp\HEVC\HM-16.18\build\vc2010\Win32\Debug\TLibEncoder\Lib-link.read.1.tlog
C:\MaggieBorn\MaggieExperiment\2nd Exp\HEVC\HM-16.18\build\vc2010\Win32\Debug\TLibEncoder\Lib-link.write.1.tlog
C:\MaggieBorn\MaggieExperiment\2nd Exp\HEVC\HM-16.18\build\vc2010\Win32\Debug\TLibEncoder\lib.command.1.tlog
C:\MaggieBorn\MaggieExperiment\2nd Exp\HEVC\HM-16.18\build\vc2010\Win32\Debug\TLibEncoder\vc110.idb
C:\MaggieBorn\MaggieExperiment\2nd Exp\HEVC\HM-16.18\build\vc2010\Win32\Debug\TLibEncoder\vc110.pdb
C:\MaggieBorn\MaggieExperiment\2nd Exp\HEVC\HM-16.18\build\\vc2010\Win32\Debug\TLibEncoder\TLibEncoder.lib
